\BOOKMARK [0][-]{chapter.1}{\376\377\000Q\000u\000i\000c\000k\000s\000t\000a\000r\000t}{}% 1
\BOOKMARK [1][-]{section.1.1}{\376\377\000I\000n\000s\000t\000a\000l\000l\000a\000t\000i\000o\000n}{chapter.1}% 2
\BOOKMARK [1][-]{section.1.2}{\376\377\000P\000i\000p\000e\000l\000i\000n\000e\000s\000,\000\040\000D\000a\000t\000a\000\040\000D\000i\000r\000e\000c\000t\000o\000r\000i\000e\000s\000,\000\040\000a\000n\000d\000\040\000C\000o\000n\000f\000i\000g\000u\000r\000a\000t\000i\000o\000n\000\040\000F\000i\000l\000e\000s\000/\000C\000l\000a\000s\000s\000e\000s}{chapter.1}% 3
\BOOKMARK [2][-]{subsection.1.2.1}{\376\377\000P\000i\000p\000e\000l\000i\000n\000e\000s}{section.1.2}% 4
\BOOKMARK [2][-]{subsection.1.2.2}{\376\377\000D\000a\000t\000a\000\040\000D\000i\000r\000e\000c\000t\000o\000r\000i\000e\000s}{section.1.2}% 5
\BOOKMARK [2][-]{subsection.1.2.3}{\376\377\000C\000o\000n\000f\000i\000g\000u\000r\000a\000t\000i\000o\000n\000\040\000F\000i\000l\000e\000s\000/\000C\000l\000a\000s\000s\000e\000s}{section.1.2}% 6
\BOOKMARK [1][-]{section.1.3}{\376\377\000E\000x\000e\000c\000u\000t\000i\000n\000g\000\040\000P\000i\000p\000e\000l\000i\000n\000e\000s}{chapter.1}% 7
\BOOKMARK [2][-]{subsection.1.3.1}{\376\377\000J\000u\000p\000y\000t\000e\000r\000\040\000N\000o\000t\000e\000b\000o\000o\000k}{section.1.3}% 8
\BOOKMARK [2][-]{subsection.1.3.2}{\376\377\000P\000y\000t\000h\000o\000n\000\040\000I\000n\000t\000e\000r\000a\000c\000t\000i\000v\000e\000\040\000S\000e\000s\000s\000i\000o\000n}{section.1.3}% 9
\BOOKMARK [2][-]{subsection.1.3.3}{\376\377\000C\000o\000m\000m\000a\000n\000d\000-\000l\000i\000n\000e\000\040\000C\000a\000l\000l}{section.1.3}% 10
\BOOKMARK [0][-]{chapter.2}{\376\377\000I\000f\000A\000\137\000S\000m\000e\000a\000r\000g\000l\000e}{}% 11
\BOOKMARK [1][-]{section.2.1}{\376\377\000I\000f\000A\000\137\000S\000m\000e\000a\000r\000g\000l\000e\000\040\000p\000a\000c\000k\000a\000g\000e}{chapter.2}% 12
\BOOKMARK [2][-]{subsection.2.1.1}{\376\377\000S\000u\000b\000p\000a\000c\000k\000a\000g\000e\000s}{section.2.1}% 13
\BOOKMARK [3][-]{subsubsection.2.1.1.1}{\376\377\000I\000f\000A\000\137\000S\000m\000e\000a\000r\000g\000l\000e\000.\000b\000r\000a\000v\000o\000\040\000p\000a\000c\000k\000a\000g\000e}{subsection.2.1.1}% 14
\BOOKMARK [3][-]{subsubsection.2.1.1.2}{\376\377\000I\000f\000A\000\137\000S\000m\000e\000a\000r\000g\000l\000e\000.\000e\000c\000h\000o\000\040\000p\000a\000c\000k\000a\000g\000e}{subsection.2.1.1}% 15
\BOOKMARK [3][-]{subsubsection.2.1.1.3}{\376\377\000I\000f\000A\000\137\000S\000m\000e\000a\000r\000g\000l\000e\000.\000m\000e\000t\000a\000\040\000p\000a\000c\000k\000a\000g\000e}{subsection.2.1.1}% 16
\BOOKMARK [3][-]{subsubsection.2.1.1.4}{\376\377\000I\000f\000A\000\137\000S\000m\000e\000a\000r\000g\000l\000e\000.\000o\000s\000c\000a\000r\000\040\000p\000a\000c\000k\000a\000g\000e}{subsection.2.1.1}% 17
\BOOKMARK [3][-]{subsubsection.2.1.1.5}{\376\377\000I\000f\000A\000\137\000S\000m\000e\000a\000r\000g\000l\000e\000.\000y\000a\000n\000k\000e\000e\000\040\000p\000a\000c\000k\000a\000g\000e}{subsection.2.1.1}% 18
\BOOKMARK [3][-]{subsubsection.2.1.1.6}{\376\377\000I\000f\000A\000\137\000S\000m\000e\000a\000r\000g\000l\000e\000.\000z\000u\000l\000u\000\040\000p\000a\000c\000k\000a\000g\000e}{subsection.2.1.1}% 19
\BOOKMARK [2][-]{subsection.2.1.2}{\376\377\000S\000u\000b\000m\000o\000d\000u\000l\000e\000s}{section.2.1}% 20
\BOOKMARK [3][-]{subsubsection.2.1.2.1}{\376\377\000I\000f\000A\000\137\000S\000m\000e\000a\000r\000g\000l\000e\000.\000i\000f\000a\000s\000\137\000e\000x\000e\000c\000u\000t\000e\000\040\000m\000o\000d\000u\000l\000e}{subsection.2.1.2}% 21
\BOOKMARK [2][-]{subsection.2.1.3}{\376\377\000M\000o\000d\000u\000l\000e\000\040\000c\000o\000n\000t\000e\000n\000t\000s}{section.2.1}% 22
\BOOKMARK [0][-]{chapter.3}{\376\377\000I\000n\000d\000i\000c\000e\000s\000\040\000a\000n\000d\000\040\000t\000a\000b\000l\000e\000s}{}% 23
\BOOKMARK [0][-]{section*.179}{\376\377\000P\000y\000t\000h\000o\000n\000\040\000M\000o\000d\000u\000l\000e\000\040\000I\000n\000d\000e\000x}{}% 24
\BOOKMARK [0][-]{section*.180}{\376\377\000I\000n\000d\000e\000x}{}% 25
