This is pdfTeX, Version 3.14159265-2.6-1.40.20 (TeX Live 2019/W32TeX) (preloaded format=pdflatex 2019.8.9)  9 MAR 2020 18:12
entering extended mode
 restricted \write18 enabled.
 %&-line parsing enabled.
**ifa-smeargle.tex
(./ifa-smeargle.tex
LaTeX2e <2018-12-01>
(./sphinxmanual.cls
Document Class: sphinxmanual 2018/12/23 v2.0 Document class (Sphinx manual)
(c:/texlive/2019/texmf-dist/tex/latex/base/report.cls
Document Class: report 2018/09/03 v1.4i Standard LaTeX document class
(c:/texlive/2019/texmf-dist/tex/latex/base/size10.clo
File: size10.clo 2018/09/03 v1.4i Standard LaTeX file (size option)
)
\c@part=\count80
\c@chapter=\count81
\c@section=\count82
\c@subsection=\count83
\c@subsubsection=\count84
\c@paragraph=\count85
\c@subparagraph=\count86
\c@figure=\count87
\c@table=\count88
\abovecaptionskip=\skip41
\belowcaptionskip=\skip42
\bibindent=\dimen102
))
(c:/texlive/2019/texmf-dist/tex/latex/base/inputenc.sty
Package: inputenc 2018/08/11 v1.3c Input encoding file
\inpenc@prehook=\toks14
\inpenc@posthook=\toks15
)
   defining Unicode char U+00A0 (decimal 160)
   defining Unicode char U+2500 (decimal 9472)
   defining Unicode char U+2502 (decimal 9474)
   defining Unicode char U+2514 (decimal 9492)
   defining Unicode char U+251C (decimal 9500)
   defining Unicode char U+2572 (decimal 9586)

(c:/texlive/2019/texmf-dist/tex/latex/cmap/cmap.sty
Package: cmap 2008/03/06 v1.0h CMap support: searchable PDF
)
(c:/texlive/2019/texmf-dist/tex/latex/base/fontenc.sty
Package: fontenc 2018/08/11 v2.0j Standard LaTeX package

(c:/texlive/2019/texmf-dist/tex/latex/base/t1enc.def
File: t1enc.def 2018/08/11 v2.0j Standard LaTeX file
LaTeX Font Info:    Redeclaring font encoding T1 on input line 48.
)<<t1.cmap>>)
(c:/texlive/2019/texmf-dist/tex/latex/amsmath/amsmath.sty
Package: amsmath 2018/12/01 v2.17b AMS math features
\@mathmargin=\skip43

For additional information on amsmath, use the `?' option.
(c:/texlive/2019/texmf-dist/tex/latex/amsmath/amstext.sty
Package: amstext 2000/06/29 v2.01 AMS text

(c:/texlive/2019/texmf-dist/tex/latex/amsmath/amsgen.sty
File: amsgen.sty 1999/11/30 v2.0 generic functions
\@emptytoks=\toks16
\ex@=\dimen103
))
(c:/texlive/2019/texmf-dist/tex/latex/amsmath/amsbsy.sty
Package: amsbsy 1999/11/29 v1.2d Bold Symbols
\pmbraise@=\dimen104
)
(c:/texlive/2019/texmf-dist/tex/latex/amsmath/amsopn.sty
Package: amsopn 2016/03/08 v2.02 operator names
)
\inf@bad=\count89
LaTeX Info: Redefining \frac on input line 223.
\uproot@=\count90
\leftroot@=\count91
LaTeX Info: Redefining \overline on input line 385.
\classnum@=\count92
\DOTSCASE@=\count93
LaTeX Info: Redefining \ldots on input line 482.
LaTeX Info: Redefining \dots on input line 485.
LaTeX Info: Redefining \cdots on input line 606.
\Mathstrutbox@=\box27
\strutbox@=\box28
\big@size=\dimen105
LaTeX Font Info:    Redeclaring font encoding OML on input line 729.
LaTeX Font Info:    Redeclaring font encoding OMS on input line 730.
\macc@depth=\count94
\c@MaxMatrixCols=\count95
\dotsspace@=\muskip10
\c@parentequation=\count96
\dspbrk@lvl=\count97
\tag@help=\toks17
\row@=\count98
\column@=\count99
\maxfields@=\count100
\andhelp@=\toks18
\eqnshift@=\dimen106
\alignsep@=\dimen107
\tagshift@=\dimen108
\tagwidth@=\dimen109
\totwidth@=\dimen110
\lineht@=\dimen111
\@envbody=\toks19
\multlinegap=\skip44
\multlinetaggap=\skip45
\mathdisplay@stack=\toks20
LaTeX Info: Redefining \[ on input line 2844.
LaTeX Info: Redefining \] on input line 2845.
)
(c:/texlive/2019/texmf-dist/tex/latex/amsfonts/amssymb.sty
Package: amssymb 2013/01/14 v3.01 AMS font symbols

(c:/texlive/2019/texmf-dist/tex/latex/amsfonts/amsfonts.sty
Package: amsfonts 2013/01/14 v3.01 Basic AMSFonts support
\symAMSa=\mathgroup4
\symAMSb=\mathgroup5
LaTeX Font Info:    Overwriting math alphabet `\mathfrak' in version `bold'
(Font)                  U/euf/m/n --> U/euf/b/n on input line 106.
))
(c:/texlive/2019/texmf-dist/tex/generic/babel/babel.sty
Package: babel 2019/07/19 3.33 The Babel package

(c:/texlive/2019/texmf-dist/tex/generic/babel/switch.def
File: switch.def 2019/07/19 3.33 Babel switching mechanism
)
(c:/texlive/2019/texmf-dist/tex/generic/babel-english/english.ldf
Language: english 2017/06/06 v3.3r English support from the babel system

(c:/texlive/2019/texmf-dist/tex/generic/babel/babel.def
File: babel.def 2019/07/19 3.33 Babel common definitions
\babel@savecnt=\count101
\U@D=\dimen112

(c:/texlive/2019/texmf-dist/tex/generic/babel/txtbabel.def)
\bbl@dirlevel=\count102
)
\l@canadian = a dialect from \language\l@american 
\l@australian = a dialect from \language\l@british 
\l@newzealand = a dialect from \language\l@british 
))
(c:/texlive/2019/texmf-dist/tex/latex/psnfss/times.sty
Package: times 2005/04/12 PSNFSS-v9.2a (SPQR) 
)
(c:/texlive/2019/texmf-dist/tex/latex/fncychap/fncychap.sty
Package: fncychap 2007/07/30 v1.34 LaTeX package (Revised chapters)
\RW=\skip46
\mylen=\skip47
\myhi=\skip48
\px=\skip49
\py=\skip50
\pyy=\skip51
\pxx=\skip52
\c@AlphaCnt=\count103
\c@AlphaDecCnt=\count104
) (./sphinx.sty
Package: sphinx 2019/06/04 v2.1.1 LaTeX package (Sphinx markup)

(c:/texlive/2019/texmf-dist/tex/generic/oberdiek/ltxcmds.sty
Package: ltxcmds 2016/05/16 v1.23 LaTeX kernel commands for general use (HO)
)
(c:/texlive/2019/texmf-dist/tex/latex/graphics/graphicx.sty
Package: graphicx 2017/06/01 v1.1a Enhanced LaTeX Graphics (DPC,SPQR)

(c:/texlive/2019/texmf-dist/tex/latex/graphics/keyval.sty
Package: keyval 2014/10/28 v1.15 key=value parser (DPC)
\KV@toks@=\toks21
)
(c:/texlive/2019/texmf-dist/tex/latex/graphics/graphics.sty
Package: graphics 2017/06/25 v1.2c Standard LaTeX Graphics (DPC,SPQR)

(c:/texlive/2019/texmf-dist/tex/latex/graphics/trig.sty
Package: trig 2016/01/03 v1.10 sin cos tan (DPC)
)
(c:/texlive/2019/texmf-dist/tex/latex/graphics-cfg/graphics.cfg
File: graphics.cfg 2016/06/04 v1.11 sample graphics configuration
)
Package graphics Info: Driver file: pdftex.def on input line 99.

(c:/texlive/2019/texmf-dist/tex/latex/graphics-def/pdftex.def
File: pdftex.def 2018/01/08 v1.0l Graphics/color driver for pdftex
))
\Gin@req@height=\dimen113
\Gin@req@width=\dimen114
)
(c:/texlive/2019/texmf-dist/tex/latex/fancyhdr/fancyhdr.sty
Package: fancyhdr 2019/01/31 v3.10 Extensive control of page headers and footer
s
\f@nch@headwidth=\skip53
\f@nch@O@elh=\skip54
\f@nch@O@erh=\skip55
\f@nch@O@olh=\skip56
\f@nch@O@orh=\skip57
\f@nch@O@elf=\skip58
\f@nch@O@erf=\skip59
\f@nch@O@olf=\skip60
\f@nch@O@orf=\skip61
)
(c:/texlive/2019/texmf-dist/tex/latex/base/textcomp.sty
Package: textcomp 2018/08/11 v2.0j Standard LaTeX package
Package textcomp Info: Sub-encoding information:
(textcomp)               5 = only ISO-Adobe without \textcurrency
(textcomp)               4 = 5 + \texteuro
(textcomp)               3 = 4 + \textohm
(textcomp)               2 = 3 + \textestimated + \textcurrency
(textcomp)               1 = TS1 - \textcircled - \t
(textcomp)               0 = TS1 (full)
(textcomp)             Font families with sub-encoding setting implement
(textcomp)             only a restricted character set as indicated.
(textcomp)             Family '?' is the default used for unknown fonts.
(textcomp)             See the documentation for details.
Package textcomp Info: Setting ? sub-encoding to TS1/1 on input line 79.

(c:/texlive/2019/texmf-dist/tex/latex/base/ts1enc.def
File: ts1enc.def 2001/06/05 v3.0e (jk/car/fm) Standard LaTeX file
Now handling font encoding TS1 ...
... processing UTF-8 mapping file for font encoding TS1

(c:/texlive/2019/texmf-dist/tex/latex/base/ts1enc.dfu
File: ts1enc.dfu 2018/10/05 v1.2f UTF-8 support for inputenc
   defining Unicode char U+00A2 (decimal 162)
   defining Unicode char U+00A3 (decimal 163)
   defining Unicode char U+00A4 (decimal 164)
   defining Unicode char U+00A5 (decimal 165)
   defining Unicode char U+00A6 (decimal 166)
   defining Unicode char U+00A7 (decimal 167)
   defining Unicode char U+00A8 (decimal 168)
   defining Unicode char U+00A9 (decimal 169)
   defining Unicode char U+00AA (decimal 170)
   defining Unicode char U+00AC (decimal 172)
   defining Unicode char U+00AE (decimal 174)
   defining Unicode char U+00AF (decimal 175)
   defining Unicode char U+00B0 (decimal 176)
   defining Unicode char U+00B1 (decimal 177)
   defining Unicode char U+00B2 (decimal 178)
   defining Unicode char U+00B3 (decimal 179)
   defining Unicode char U+00B4 (decimal 180)
   defining Unicode char U+00B5 (decimal 181)
   defining Unicode char U+00B6 (decimal 182)
   defining Unicode char U+00B7 (decimal 183)
   defining Unicode char U+00B9 (decimal 185)
   defining Unicode char U+00BA (decimal 186)
   defining Unicode char U+00BC (decimal 188)
   defining Unicode char U+00BD (decimal 189)
   defining Unicode char U+00BE (decimal 190)
   defining Unicode char U+00D7 (decimal 215)
   defining Unicode char U+00F7 (decimal 247)
   defining Unicode char U+0192 (decimal 402)
   defining Unicode char U+02C7 (decimal 711)
   defining Unicode char U+02D8 (decimal 728)
   defining Unicode char U+02DD (decimal 733)
   defining Unicode char U+0E3F (decimal 3647)
   defining Unicode char U+2016 (decimal 8214)
   defining Unicode char U+2020 (decimal 8224)
   defining Unicode char U+2021 (decimal 8225)
   defining Unicode char U+2022 (decimal 8226)
   defining Unicode char U+2030 (decimal 8240)
   defining Unicode char U+2031 (decimal 8241)
   defining Unicode char U+203B (decimal 8251)
   defining Unicode char U+203D (decimal 8253)
   defining Unicode char U+2044 (decimal 8260)
   defining Unicode char U+204E (decimal 8270)
   defining Unicode char U+2052 (decimal 8274)
   defining Unicode char U+20A1 (decimal 8353)
   defining Unicode char U+20A4 (decimal 8356)
   defining Unicode char U+20A6 (decimal 8358)
   defining Unicode char U+20A9 (decimal 8361)
   defining Unicode char U+20AB (decimal 8363)
   defining Unicode char U+20AC (decimal 8364)
   defining Unicode char U+20B1 (decimal 8369)
   defining Unicode char U+2103 (decimal 8451)
   defining Unicode char U+2116 (decimal 8470)
   defining Unicode char U+2117 (decimal 8471)
   defining Unicode char U+211E (decimal 8478)
   defining Unicode char U+2120 (decimal 8480)
   defining Unicode char U+2122 (decimal 8482)
   defining Unicode char U+2126 (decimal 8486)
   defining Unicode char U+2127 (decimal 8487)
   defining Unicode char U+212E (decimal 8494)
   defining Unicode char U+2190 (decimal 8592)
   defining Unicode char U+2191 (decimal 8593)
   defining Unicode char U+2192 (decimal 8594)
   defining Unicode char U+2193 (decimal 8595)
   defining Unicode char U+2329 (decimal 9001)
   defining Unicode char U+232A (decimal 9002)
   defining Unicode char U+2422 (decimal 9250)
   defining Unicode char U+25E6 (decimal 9702)
   defining Unicode char U+25EF (decimal 9711)
   defining Unicode char U+266A (decimal 9834)
   defining Unicode char U+FEFF (decimal 65279)
))
LaTeX Info: Redefining \oldstylenums on input line 334.
Package textcomp Info: Setting cmr sub-encoding to TS1/0 on input line 349.
Package textcomp Info: Setting cmss sub-encoding to TS1/0 on input line 350.
Package textcomp Info: Setting cmtt sub-encoding to TS1/0 on input line 351.
Package textcomp Info: Setting cmvtt sub-encoding to TS1/0 on input line 352.
Package textcomp Info: Setting cmbr sub-encoding to TS1/0 on input line 353.
Package textcomp Info: Setting cmtl sub-encoding to TS1/0 on input line 354.
Package textcomp Info: Setting ccr sub-encoding to TS1/0 on input line 355.
Package textcomp Info: Setting ptm sub-encoding to TS1/4 on input line 356.
Package textcomp Info: Setting pcr sub-encoding to TS1/4 on input line 357.
Package textcomp Info: Setting phv sub-encoding to TS1/4 on input line 358.
Package textcomp Info: Setting ppl sub-encoding to TS1/3 on input line 359.
Package textcomp Info: Setting pag sub-encoding to TS1/4 on input line 360.
Package textcomp Info: Setting pbk sub-encoding to TS1/4 on input line 361.
Package textcomp Info: Setting pnc sub-encoding to TS1/4 on input line 362.
Package textcomp Info: Setting pzc sub-encoding to TS1/4 on input line 363.
Package textcomp Info: Setting bch sub-encoding to TS1/4 on input line 364.
Package textcomp Info: Setting put sub-encoding to TS1/5 on input line 365.
Package textcomp Info: Setting uag sub-encoding to TS1/5 on input line 366.
Package textcomp Info: Setting ugq sub-encoding to TS1/5 on input line 367.
Package textcomp Info: Setting ul8 sub-encoding to TS1/4 on input line 368.
Package textcomp Info: Setting ul9 sub-encoding to TS1/4 on input line 369.
Package textcomp Info: Setting augie sub-encoding to TS1/5 on input line 370.
Package textcomp Info: Setting dayrom sub-encoding to TS1/3 on input line 371.
Package textcomp Info: Setting dayroms sub-encoding to TS1/3 on input line 372.

Package textcomp Info: Setting pxr sub-encoding to TS1/0 on input line 373.
Package textcomp Info: Setting pxss sub-encoding to TS1/0 on input line 374.
Package textcomp Info: Setting pxtt sub-encoding to TS1/0 on input line 375.
Package textcomp Info: Setting txr sub-encoding to TS1/0 on input line 376.
Package textcomp Info: Setting txss sub-encoding to TS1/0 on input line 377.
Package textcomp Info: Setting txtt sub-encoding to TS1/0 on input line 378.
Package textcomp Info: Setting lmr sub-encoding to TS1/0 on input line 379.
Package textcomp Info: Setting lmdh sub-encoding to TS1/0 on input line 380.
Package textcomp Info: Setting lmss sub-encoding to TS1/0 on input line 381.
Package textcomp Info: Setting lmssq sub-encoding to TS1/0 on input line 382.
Package textcomp Info: Setting lmvtt sub-encoding to TS1/0 on input line 383.
Package textcomp Info: Setting lmtt sub-encoding to TS1/0 on input line 384.
Package textcomp Info: Setting qhv sub-encoding to TS1/0 on input line 385.
Package textcomp Info: Setting qag sub-encoding to TS1/0 on input line 386.
Package textcomp Info: Setting qbk sub-encoding to TS1/0 on input line 387.
Package textcomp Info: Setting qcr sub-encoding to TS1/0 on input line 388.
Package textcomp Info: Setting qcs sub-encoding to TS1/0 on input line 389.
Package textcomp Info: Setting qpl sub-encoding to TS1/0 on input line 390.
Package textcomp Info: Setting qtm sub-encoding to TS1/0 on input line 391.
Package textcomp Info: Setting qzc sub-encoding to TS1/0 on input line 392.
Package textcomp Info: Setting qhvc sub-encoding to TS1/0 on input line 393.
Package textcomp Info: Setting futs sub-encoding to TS1/4 on input line 394.
Package textcomp Info: Setting futx sub-encoding to TS1/4 on input line 395.
Package textcomp Info: Setting futj sub-encoding to TS1/4 on input line 396.
Package textcomp Info: Setting hlh sub-encoding to TS1/3 on input line 397.
Package textcomp Info: Setting hls sub-encoding to TS1/3 on input line 398.
Package textcomp Info: Setting hlst sub-encoding to TS1/3 on input line 399.
Package textcomp Info: Setting hlct sub-encoding to TS1/5 on input line 400.
Package textcomp Info: Setting hlx sub-encoding to TS1/5 on input line 401.
Package textcomp Info: Setting hlce sub-encoding to TS1/5 on input line 402.
Package textcomp Info: Setting hlcn sub-encoding to TS1/5 on input line 403.
Package textcomp Info: Setting hlcw sub-encoding to TS1/5 on input line 404.
Package textcomp Info: Setting hlcf sub-encoding to TS1/5 on input line 405.
Package textcomp Info: Setting pplx sub-encoding to TS1/3 on input line 406.
Package textcomp Info: Setting pplj sub-encoding to TS1/3 on input line 407.
Package textcomp Info: Setting ptmx sub-encoding to TS1/4 on input line 408.
Package textcomp Info: Setting ptmj sub-encoding to TS1/4 on input line 409.
)
(c:/texlive/2019/texmf-dist/tex/latex/titlesec/titlesec.sty
Package: titlesec 2019/07/16 v2.11 Sectioning titles
\ttl@box=\box29
\beforetitleunit=\skip62
\aftertitleunit=\skip63
\ttl@plus=\dimen115
\ttl@minus=\dimen116
\ttl@toksa=\toks22
\titlewidth=\dimen117
\titlewidthlast=\dimen118
\titlewidthfirst=\dimen119
)
(c:/texlive/2019/texmf-dist/tex/latex/tabulary/tabulary.sty
Package: tabulary 2014/06/11 v0.10 tabulary package (DPC)

(c:/texlive/2019/texmf-dist/tex/latex/tools/array.sty
Package: array 2018/12/30 v2.4k Tabular extension package (FMi)
\col@sep=\dimen120
\ar@mcellbox=\box30
\extrarowheight=\dimen121
\NC@list=\toks23
\extratabsurround=\skip64
\backup@length=\skip65
\ar@cellbox=\box31
)
\TY@count=\count105
\TY@linewidth=\dimen122
\tymin=\dimen123
\tymax=\dimen124
\TY@tablewidth=\dimen125
)
(c:/texlive/2019/texmf-dist/tex/latex/tools/longtable.sty
Package: longtable 2014/10/28 v4.11 Multi-page Table package (DPC)+ FMi change
\LTleft=\skip66
\LTright=\skip67
\LTpre=\skip68
\LTpost=\skip69
\LTchunksize=\count106
\LTcapwidth=\dimen126
\LT@head=\box32
\LT@firsthead=\box33
\LT@foot=\box34
\LT@lastfoot=\box35
\LT@cols=\count107
\LT@rows=\count108
\c@LT@tables=\count109
\c@LT@chunks=\count110
\LT@p@ftn=\toks24
)
(c:/texlive/2019/texmf-dist/tex/latex/varwidth/varwidth.sty
Package: varwidth 2009/03/30 ver 0.92;  Variable-width minipages
\@vwid@box=\box36
\sift@deathcycles=\count111
\@vwid@loff=\dimen127
\@vwid@roff=\dimen128
)
(./sphinxmulticell.sty
Package: sphinxmulticell 2017/02/23 v1.6 better span rows and columns of a tabl
e (Sphinx team)
\sphinx@TY@tablewidth=\dimen129
) (c:/texlive/2019/texmf-dist/tex/latex/base/makeidx.sty
Package: makeidx 2014/09/29 v1.0m Standard LaTeX package
) (c:/texlive/2019/texmf-dist/tex/latex/framed/framed.sty
Package: framed 2011/10/22 v 0.96: framed or shaded text with page breaks
\OuterFrameSep=\skip70
\fb@frw=\dimen130
\fb@frh=\dimen131
\FrameRule=\dimen132
\FrameSep=\dimen133
)
(c:/texlive/2019/texmf-dist/tex/latex/xcolor/xcolor.sty
Package: xcolor 2016/05/11 v2.12 LaTeX color extensions (UK)

(c:/texlive/2019/texmf-dist/tex/latex/graphics-cfg/color.cfg
File: color.cfg 2016/01/02 v1.6 sample color configuration
)
Package xcolor Info: Driver file: pdftex.def on input line 225.
Package xcolor Info: Model `cmy' substituted by `cmy0' on input line 1348.
Package xcolor Info: Model `hsb' substituted by `rgb' on input line 1352.
Package xcolor Info: Model `RGB' extended on input line 1364.
Package xcolor Info: Model `HTML' substituted by `rgb' on input line 1366.
Package xcolor Info: Model `Hsb' substituted by `hsb' on input line 1367.
Package xcolor Info: Model `tHsb' substituted by `hsb' on input line 1368.
Package xcolor Info: Model `HSB' substituted by `hsb' on input line 1369.
Package xcolor Info: Model `Gray' substituted by `gray' on input line 1370.
Package xcolor Info: Model `wave' substituted by `hsb' on input line 1371.
)
(c:/texlive/2019/texmf-dist/tex/latex/fancyvrb/fancyvrb.sty
Package: fancyvrb 2019/01/15

Style option: `fancyvrb' v3.2a <2019/01/15> (tvz)
\FV@CodeLineNo=\count112
\FV@InFile=\read1
\FV@TabBox=\box37
\c@FancyVerbLine=\count113
\FV@StepNumber=\count114
\FV@OutFile=\write3
) (./footnotehyper-sphinx.sty
Package: footnotehyper-sphinx 2017/10/27 v1.7 hyperref aware footnote.sty for s
phinx (JFB)
\FNH@notes=\box38
\FNH@width=\dimen134
) (c:/texlive/2019/texmf-dist/tex/latex/float/float.sty
Package: float 2001/11/08 v1.3d Float enhancements (AL)
\c@float@type=\count115
\float@exts=\toks25
\float@box=\box39
\@float@everytoks=\toks26
\@floatcapt=\box40
)
(c:/texlive/2019/texmf-dist/tex/latex/wrapfig/wrapfig.sty
\wrapoverhang=\dimen135
\WF@size=\dimen136
\c@WF@wrappedlines=\count116
\WF@box=\box41
\WF@everypar=\toks27
Package: wrapfig 2003/01/31  v 3.6
)
(c:/texlive/2019/texmf-dist/tex/latex/parskip/parskip.sty
Rollback for package 'parskip' requested -> version 'v1'.
         This corresponds to the release introduced on 2001-04-09.

(c:/texlive/2019/texmf-dist/tex/latex/parskip/parskip-2001-04-09.sty
Package: parskip 2001/04/09 non-zero parskip adjustments
))
(c:/texlive/2019/texmf-dist/tex/latex/base/alltt.sty
Package: alltt 1997/06/16 v2.0g defines alltt environment
)
(c:/texlive/2019/texmf-dist/tex/latex/upquote/upquote.sty
Package: upquote 2012/04/19 v1.3 upright-quote and grave-accent glyphs in verba
tim
)
(c:/texlive/2019/texmf-dist/tex/latex/capt-of/capt-of.sty
Package: capt-of 2009/12/29 v0.2 standard captions outside of floats
)
(c:/texlive/2019/texmf-dist/tex/latex/needspace/needspace.sty
Package: needspace 2010/09/12 v1.3d reserve vertical space
)
(./sphinxhighlight.sty
Package: sphinxhighlight 2016/05/29 stylesheet for highlighting with pygments
)
(c:/texlive/2019/texmf-dist/tex/latex/oberdiek/kvoptions.sty
Package: kvoptions 2016/05/16 v3.12 Key value format for package options (HO)

(c:/texlive/2019/texmf-dist/tex/generic/oberdiek/kvsetkeys.sty
Package: kvsetkeys 2016/05/16 v1.17 Key value parser (HO)

(c:/texlive/2019/texmf-dist/tex/generic/oberdiek/infwarerr.sty
Package: infwarerr 2016/05/16 v1.4 Providing info/warning/error messages (HO)
)
(c:/texlive/2019/texmf-dist/tex/generic/oberdiek/etexcmds.sty
Package: etexcmds 2016/05/16 v1.6 Avoid name clashes with e-TeX commands (HO)

(c:/texlive/2019/texmf-dist/tex/generic/oberdiek/ifluatex.sty
Package: ifluatex 2016/05/16 v1.4 Provides the ifluatex switch (HO)
Package ifluatex Info: LuaTeX not detected.
))))
\sphinxverbatimsep=\dimen137
\sphinxverbatimborder=\dimen138
\sphinxshadowsep=\dimen139
\sphinxshadowsize=\dimen140
\sphinxshadowrule=\dimen141
\spx@notice@border=\dimen142
\spx@image@maxheight=\dimen143
\spx@image@box=\dimen144
\c@literalblock=\count117
\sphinxcontinuationbox=\box42
\sphinxvisiblespacebox=\box43
\sphinxVerbatim@TitleBox=\box44
\py@argswidth=\skip71
\lineblockindentation=\skip72
\DUlineblockindent=\skip73
)
(c:/texlive/2019/texmf-dist/tex/latex/geometry/geometry.sty
Package: geometry 2018/04/16 v5.8 Page Geometry

(c:/texlive/2019/texmf-dist/tex/generic/oberdiek/ifpdf.sty
Package: ifpdf 2018/09/07 v3.3 Provides the ifpdf switch
)
(c:/texlive/2019/texmf-dist/tex/generic/oberdiek/ifvtex.sty
Package: ifvtex 2016/05/16 v1.6 Detect VTeX and its facilities (HO)
Package ifvtex Info: VTeX not detected.
)
(c:/texlive/2019/texmf-dist/tex/generic/ifxetex/ifxetex.sty
Package: ifxetex 2010/09/12 v0.6 Provides ifxetex conditional
)
\Gm@cnth=\count118
\Gm@cntv=\count119
\c@Gm@tempcnt=\count120
\Gm@bindingoffset=\dimen145
\Gm@wd@mp=\dimen146
\Gm@odd@mp=\dimen147
\Gm@even@mp=\dimen148
\Gm@layoutwidth=\dimen149
\Gm@layoutheight=\dimen150
\Gm@layouthoffset=\dimen151
\Gm@layoutvoffset=\dimen152
\Gm@dimlist=\toks28
)
(c:/texlive/2019/texmf-dist/tex/latex/hyperref/hyperref.sty
Package: hyperref 2019/06/12 v6.88h Hypertext links for LaTeX

(c:/texlive/2019/texmf-dist/tex/generic/oberdiek/hobsub-hyperref.sty
Package: hobsub-hyperref 2016/05/16 v1.14 Bundle oberdiek, subset hyperref (HO)


(c:/texlive/2019/texmf-dist/tex/generic/oberdiek/hobsub-generic.sty
Package: hobsub-generic 2016/05/16 v1.14 Bundle oberdiek, subset generic (HO)
Package: hobsub 2016/05/16 v1.14 Construct package bundles (HO)
Package hobsub Info: Skipping package `infwarerr' (already loaded).
Package hobsub Info: Skipping package `ltxcmds' (already loaded).
Package hobsub Info: Skipping package `ifluatex' (already loaded).
Package hobsub Info: Skipping package `ifvtex' (already loaded).
Package: intcalc 2016/05/16 v1.2 Expandable calculations with integers (HO)
Package hobsub Info: Skipping package `ifpdf' (already loaded).
Package hobsub Info: Skipping package `etexcmds' (already loaded).
Package hobsub Info: Skipping package `kvsetkeys' (already loaded).
Package: kvdefinekeys 2016/05/16 v1.4 Define keys (HO)
Package: pdftexcmds 2019/07/25 v0.30 Utility functions of pdfTeX for LuaTeX (HO
)
Package pdftexcmds Info: LuaTeX not detected.
Package pdftexcmds Info: \pdf@primitive is available.
Package pdftexcmds Info: \pdf@ifprimitive is available.
Package pdftexcmds Info: \pdfdraftmode found.
Package: pdfescape 2016/05/16 v1.14 Implements pdfTeX's escape features (HO)
Package: bigintcalc 2016/05/16 v1.4 Expandable calculations on big integers (HO
)
Package: bitset 2016/05/16 v1.2 Handle bit-vector datatype (HO)
Package: uniquecounter 2016/05/16 v1.3 Provide unlimited unique counter (HO)
)
Package hobsub Info: Skipping package `hobsub' (already loaded).
Package: letltxmacro 2016/05/16 v1.5 Let assignment for LaTeX macros (HO)
Package: hopatch 2016/05/16 v1.3 Wrapper for package hooks (HO)
Package: xcolor-patch 2016/05/16 xcolor patch
Package: atveryend 2016/05/16 v1.9 Hooks at the very end of document (HO)
Package atveryend Info: \enddocument detected (standard20110627).
Package: atbegshi 2016/06/09 v1.18 At begin shipout hook (HO)
Package: refcount 2016/05/16 v3.5 Data extraction from label references (HO)
Package: hycolor 2016/05/16 v1.8 Color options for hyperref/bookmark (HO)
)
(c:/texlive/2019/texmf-dist/tex/latex/oberdiek/auxhook.sty
Package: auxhook 2016/05/16 v1.4 Hooks for auxiliary files (HO)
)
\@linkdim=\dimen153
\Hy@linkcounter=\count121
\Hy@pagecounter=\count122

(c:/texlive/2019/texmf-dist/tex/latex/hyperref/pd1enc.def
File: pd1enc.def 2019/06/12 v6.88h Hyperref: PDFDocEncoding definition (HO)
Now handling font encoding PD1 ...
... no UTF-8 mapping file for font encoding PD1
)
\Hy@SavedSpaceFactor=\count123

(c:/texlive/2019/texmf-dist/tex/latex/latexconfig/hyperref.cfg
File: hyperref.cfg 2002/06/06 v1.2 hyperref configuration of TeXLive
)
Package hyperref Info: Option `unicode' set `true' on input line 4424.

(c:/texlive/2019/texmf-dist/tex/latex/hyperref/puenc.def
File: puenc.def 2019/06/12 v6.88h Hyperref: PDF Unicode definition (HO)
Now handling font encoding PU ...
... no UTF-8 mapping file for font encoding PU
)
Package hyperref Info: Option `colorlinks' set `true' on input line 4424.
Package hyperref Info: Option `breaklinks' set `true' on input line 4424.
Package hyperref Info: Hyper figures OFF on input line 4550.
Package hyperref Info: Link nesting OFF on input line 4555.
Package hyperref Info: Hyper index ON on input line 4558.
Package hyperref Info: Plain pages OFF on input line 4565.
Package hyperref Info: Backreferencing OFF on input line 4570.
Package hyperref Info: Implicit mode ON; LaTeX internals redefined.
Package hyperref Info: Bookmarks ON on input line 4803.
\c@Hy@tempcnt=\count124

(c:/texlive/2019/texmf-dist/tex/latex/url/url.sty
\Urlmuskip=\muskip11
Package: url 2013/09/16  ver 3.4  Verb mode for urls, etc.
)
LaTeX Info: Redefining \url on input line 5156.
\XeTeXLinkMargin=\dimen154
\Fld@menulength=\count125
\Field@Width=\dimen155
\Fld@charsize=\dimen156
Package hyperref Info: Hyper figures OFF on input line 6411.
Package hyperref Info: Link nesting OFF on input line 6416.
Package hyperref Info: Hyper index ON on input line 6419.
Package hyperref Info: backreferencing OFF on input line 6426.
Package hyperref Info: Link coloring ON on input line 6429.
Package hyperref Info: Link coloring with OCG OFF on input line 6436.
Package hyperref Info: PDF/A mode OFF on input line 6441.
LaTeX Info: Redefining \ref on input line 6481.
LaTeX Info: Redefining \pageref on input line 6485.
\Hy@abspage=\count126
\c@Item=\count127
\c@Hfootnote=\count128
)
Package hyperref Info: Driver (autodetected): hpdftex.

(c:/texlive/2019/texmf-dist/tex/latex/hyperref/hpdftex.def
File: hpdftex.def 2019/06/12 v6.88h Hyperref driver for pdfTeX
\Fld@listcount=\count129
\c@bookmark@seq@number=\count130

(c:/texlive/2019/texmf-dist/tex/latex/oberdiek/rerunfilecheck.sty
Package: rerunfilecheck 2016/05/16 v1.8 Rerun checks for auxiliary files (HO)
Package uniquecounter Info: New unique counter `rerunfilecheck' on input line 2
82.
)
\Hy@SectionHShift=\skip74
)
(c:/texlive/2019/texmf-dist/tex/latex/oberdiek/hypcap.sty
Package: hypcap 2016/05/16 v1.12 Adjusting the anchors of captions (HO)
)
(./sphinxmessages.sty
Package: sphinxmessages 2019/01/04 v2.0 Localized LaTeX macros (Sphinx team)
)
\@indexfile=\write4
\openout4 = `ifa-smeargle.idx'.


Writing index file ifa-smeargle.idx
(./ifa-smeargle.aux)
\openout1 = `ifa-smeargle.aux'.

LaTeX Font Info:    Checking defaults for OML/cmm/m/it on input line 81.
LaTeX Font Info:    ... okay on input line 81.
LaTeX Font Info:    Checking defaults for T1/cmr/m/n on input line 81.
LaTeX Font Info:    ... okay on input line 81.
LaTeX Font Info:    Checking defaults for OT1/cmr/m/n on input line 81.
LaTeX Font Info:    ... okay on input line 81.
LaTeX Font Info:    Checking defaults for OMS/cmsy/m/n on input line 81.
LaTeX Font Info:    ... okay on input line 81.
LaTeX Font Info:    Checking defaults for OMX/cmex/m/n on input line 81.
LaTeX Font Info:    ... okay on input line 81.
LaTeX Font Info:    Checking defaults for U/cmr/m/n on input line 81.
LaTeX Font Info:    ... okay on input line 81.
LaTeX Font Info:    Checking defaults for TS1/cmr/m/n on input line 81.
LaTeX Font Info:    Try loading font information for TS1+cmr on input line 81.
 (c:/texlive/2019/texmf-dist/tex/latex/base/ts1cmr.fd
File: ts1cmr.fd 2014/09/29 v2.5h Standard LaTeX font definitions
)
LaTeX Font Info:    ... okay on input line 81.
LaTeX Font Info:    Checking defaults for PD1/pdf/m/n on input line 81.
LaTeX Font Info:    ... okay on input line 81.
LaTeX Font Info:    Checking defaults for PU/pdf/m/n on input line 81.
LaTeX Font Info:    ... okay on input line 81.
LaTeX Font Info:    Try loading font information for T1+ptm on input line 81.

(c:/texlive/2019/texmf-dist/tex/latex/psnfss/t1ptm.fd
File: t1ptm.fd 2001/06/04 font definitions for T1/ptm.
)
(c:/texlive/2019/texmf-dist/tex/context/base/mkii/supp-pdf.mkii
[Loading MPS to PDF converter (version 2006.09.02).]
\scratchcounter=\count131
\scratchdimen=\dimen157
\scratchbox=\box45
\nofMPsegments=\count132
\nofMParguments=\count133
\everyMPshowfont=\toks29
\MPscratchCnt=\count134
\MPscratchDim=\dimen158
\MPnumerator=\count135
\makeMPintoPDFobject=\count136
\everyMPtoPDFconversion=\toks30
) (c:/texlive/2019/texmf-dist/tex/latex/oberdiek/epstopdf-base.sty
Package: epstopdf-base 2016/05/15 v2.6 Base part for package epstopdf

(c:/texlive/2019/texmf-dist/tex/latex/oberdiek/grfext.sty
Package: grfext 2016/05/16 v1.2 Manage graphics extensions (HO)
)
Package epstopdf-base Info: Redefining graphics rule for `.eps' on input line 4
38.
Package grfext Info: Graphics extension search list:
(grfext)             [.pdf,.png,.jpg,.mps,.jpeg,.jbig2,.jb2,.PDF,.PNG,.JPG,.JPE
G,.JBIG2,.JB2,.eps]
(grfext)             \AppendGraphicsExtensions on input line 456.

(c:/texlive/2019/texmf-dist/tex/latex/latexconfig/epstopdf-sys.cfg
File: epstopdf-sys.cfg 2010/07/13 v1.3 Configuration of (r)epstopdf for TeX Liv
e
))
*geometry* driver: auto-detecting
*geometry* detected driver: pdftex
*geometry* verbose mode - [ preamble ] result:
* driver: pdftex
* paper: letterpaper
* layout: <same size as paper>
* layoutoffset:(h,v)=(0.0pt,0.0pt)
* modes: twoside 
* h-part:(L,W,R)=(72.26999pt, 469.75502pt, 72.26999pt)
* v-part:(T,H,B)=(72.26999pt, 650.43001pt, 72.26999pt)
* \paperwidth=614.295pt
* \paperheight=794.96999pt
* \textwidth=469.75502pt
* \textheight=650.43001pt
* \oddsidemargin=0.0pt
* \evensidemargin=0.0pt
* \topmargin=-37.0pt
* \headheight=12.0pt
* \headsep=25.0pt
* \topskip=10.0pt
* \footskip=30.0pt
* \marginparwidth=36.135pt
* \marginparsep=11.0pt
* \columnsep=10.0pt
* \skip\footins=9.0pt plus 4.0pt minus 2.0pt
* \hoffset=0.0pt
* \voffset=0.0pt
* \mag=1000
* \@twocolumnfalse
* \@twosidetrue
* \@mparswitchtrue
* \@reversemarginfalse
* (1in=72.27pt=25.4mm, 1cm=28.453pt)

\AtBeginShipoutBox=\box46
Package hyperref Info: Link coloring ON on input line 81.
(c:/texlive/2019/texmf-dist/tex/latex/hyperref/nameref.sty
Package: nameref 2016/05/21 v2.44 Cross-referencing by name of section

(c:/texlive/2019/texmf-dist/tex/generic/oberdiek/gettitlestring.sty
Package: gettitlestring 2016/05/16 v1.5 Cleanup title references (HO)
)
\c@section@level=\count137
)
LaTeX Info: Redefining \ref on input line 81.
LaTeX Info: Redefining \pageref on input line 81.
LaTeX Info: Redefining \nameref on input line 81.

(./ifa-smeargle.out) (./ifa-smeargle.out)
\@outlinefile=\write5
\openout5 = `ifa-smeargle.out'.

Package hyperref Info: Option `pageanchor' set `false' on input line 84.
LaTeX Font Info:    Try loading font information for T1+phv on input line 84.

(c:/texlive/2019/texmf-dist/tex/latex/psnfss/t1phv.fd
File: t1phv.fd 2001/06/04 scalable font definitions for T1/phv.
)
LaTeX Font Info:    Font shape `T1/phv/bx/n' in size <10> not available
(Font)              Font shape `T1/phv/b/n' tried instead on input line 84.
LaTeX Font Info:    Font shape `T1/phv/bx/n' in size <24.88> not available
(Font)              Font shape `T1/phv/b/n' tried instead on input line 84.
LaTeX Font Info:    Font shape `T1/phv/bx/it' in size <10> not available
(Font)              Font shape `T1/phv/b/it' tried instead on input line 84.
LaTeX Font Info:    Font shape `T1/phv/b/it' in size <10> not available
(Font)              Font shape `T1/phv/b/sl' tried instead on input line 84.
LaTeX Font Info:    Font shape `T1/phv/bx/it' in size <17.28> not available
(Font)              Font shape `T1/phv/b/it' tried instead on input line 84.
LaTeX Font Info:    Font shape `T1/phv/b/it' in size <17.28> not available
(Font)              Font shape `T1/phv/b/sl' tried instead on input line 84.
LaTeX Font Info:    Font shape `T1/phv/bx/n' in size <17.28> not available
(Font)              Font shape `T1/phv/b/n' tried instead on input line 84.
<<ot1.cmap>><<oml.cmap>><<oms.cmap>><<omx.cmap>>
LaTeX Font Info:    Try loading font information for U+msa on input line 84.
 (c:/texlive/2019/texmf-dist/tex/latex/amsfonts/umsa.fd
File: umsa.fd 2013/01/14 v3.01 AMS symbols A
)
LaTeX Font Info:    Try loading font information for U+msb on input line 84.
(c:/texlive/2019/texmf-dist/tex/latex/amsfonts/umsb.fd
File: umsb.fd 2013/01/14 v3.01 AMS symbols B
)
LaTeX Font Info:    Font shape `T1/phv/bx/n' in size <12> not available
(Font)              Font shape `T1/phv/b/n' tried instead on input line 84.
 [1

{c:/texlive/2019/texmf-var/fonts/map/pdftex/updmap/pdftex.map}] [2


]
LaTeX Font Info:    Font shape `T1/phv/bx/n' in size <14.4> not available
(Font)              Font shape `T1/phv/b/n' tried instead on input line 86.
 (./ifa-smeargle.toc
LaTeX Font Info:    Font shape `T1/ptm/bx/n' in size <10> not available
(Font)              Font shape `T1/ptm/b/n' tried instead on input line 2.
)
\tf@toc=\write6
\openout6 = `ifa-smeargle.toc'.

 [1

]
[2

]
Chapter 1.
LaTeX Font Info:    Try loading font information for T1+pcr on input line 110.
(c:/texlive/2019/texmf-dist/tex/latex/psnfss/t1pcr.fd
File: t1pcr.fd 2001/06/04 font definitions for T1/pcr.
) [1

]
LaTeX Font Info:    Font shape `T1/pcr/m/it' in size <10> not available
(Font)              Font shape `T1/pcr/m/sl' tried instead on input line 177.
LaTeX Font Info:    Try loading font information for TS1+pcr on input line 212.


(c:/texlive/2019/texmf-dist/tex/latex/psnfss/ts1pcr.fd
File: ts1pcr.fd 2001/06/04 font definitions for TS1/pcr.
) [2] [3] [4

]
Chapter 2.
LaTeX Font Info:    Font shape `T1/pcr/bx/n' in size <9> not available
(Font)              Font shape `T1/pcr/b/n' tried instead on input line 315.
LaTeX Font Info:    Font shape `T1/pcr/m/it' in size <9> not available
(Font)              Font shape `T1/pcr/m/sl' tried instead on input line 319.
[5]
LaTeX Font Info:    Font shape `TS1/pcr/m/it' in size <9> not available
(Font)              Font shape `TS1/pcr/m/sl' tried instead on input line 332.
 [6]
Chapter 3.
LaTeX Font Info:    Font shape `T1/pcr/bx/n' in size <10> not available
(Font)              Font shape `T1/pcr/b/n' tried instead on input line 380.

Underfull \hbox (badness 10000) in paragraph at lines 380--380
[]\T1/ptm/m/it/10 data_directory\T1/ptm/m/n/10 ,
 []


Underfull \hbox (badness 10000) in paragraph at lines 380--380
\T1/ptm/m/it/10 archive_name=None\T1/ptm/m/n/10 ,
 []


Overfull \hbox (21.25385pt too wide) in paragraph at lines 380--380
\T1/ptm/m/it/10 archive_extension='bztar'\T1/pcr/m/n/10 ) 
 []

LaTeX Font Info:    Try loading font information for TS1+ptm on input line 392.

(c:/texlive/2019/texmf-dist/tex/latex/psnfss/ts1ptm.fd
File: ts1ptm.fd 2001/06/04 font definitions for TS1/ptm.
)
Underfull \hbox (badness 10000) in paragraph at lines 423--423
[]\T1/ptm/m/it/10 data_array\T1/ptm/m/n/10 , \T1/ptm/m/it/10 start_chunk\T1/ptm
/m/n/10 , \T1/ptm/m/it/10 end_chunk\T1/ptm/m/n/10 ,
 []

[7

]
Underfull \hbox (badness 10000) in paragraph at lines 462--462
[]\T1/ptm/m/it/10 data_array\T1/ptm/m/n/10 ,
 []


Underfull \hbox (badness 10000) in paragraph at lines 462--462
\T1/ptm/m/it/10 start_chunk\T1/ptm/m/n/10 ,
 []


Underfull \hbox (badness 10000) in paragraph at lines 462--462
\T1/ptm/m/it/10 end_chunk\T1/ptm/m/n/10 ,
 []


Overfull \hbox (13.17415pt too wide) in paragraph at lines 462--462
\T1/ptm/m/it/10 frame_exposure_time\T1/pcr/m/n/10 ) 
 []


Underfull \hbox (badness 10000) in paragraph at lines 501--501
[]\T1/ptm/m/it/10 data_array\T1/ptm/m/n/10 ,
 []

[8]
Overfull \hbox (6.81429pt too wide) in paragraph at lines 542--542
[]\T1/ptm/m/it/10 data_directory\T1/ptm/m/n/10 ,
 []


Overfull \hbox (31.73448pt too wide) in paragraph at lines 542--542
\T1/ptm/m/it/10 archive_name=None\T1/ptm/m/n/10 ,
 []


Overfull \hbox (57.25385pt too wide) in paragraph at lines 542--542
\T1/ptm/m/it/10 archive_extension='bztar'\T1/pcr/m/n/10 ) 
 []


Overfull \hbox (33.40465pt too wide) in paragraph at lines 582--582
[]\T1/ptm/m/it/10 path_file_name\T1/ptm/m/n/10 ,
 []


Underfull \hbox (badness 10000) in paragraph at lines 582--582
\T1/ptm/m/it/10 ig-
 []


Overfull \hbox (64.6042pt too wide) in paragraph at lines 582--582
\T1/ptm/m/it/10 nore_mismatch=False\T1/pcr/m/n/10 ) 
 []

[9]
Underfull \hbox (badness 10000) in paragraph at lines 614--614
\T1/ptm/m/it/10 data_directory=None\T1/ptm/m/n/10 ,
 []


Underfull \hbox (badness 10000) in paragraph at lines 663--663
[]\T1/ptm/m/it/10 data_directory\T1/ptm/m/n/10 , \T1/ptm/m/it/10 con-fig-u-ra-
 []


Overfull \hbox (12.81429pt too wide) in paragraph at lines 700--700
[]\T1/ptm/m/it/10 data_directory\T1/ptm/m/n/10 ,
 []


Overfull \hbox (27.40424pt too wide) in paragraph at lines 700--700
\T1/ptm/m/it/10 method='largest'\T1/pcr/m/n/10 ) 
 []

[10]
Underfull \hbox (badness 10000) in paragraph at lines 756--756
[]\T1/ptm/m/it/10 path_file_name\T1/ptm/m/n/10 , \T1/ptm/m/it/10 ig-
 []


Underfull \hbox (badness 10000) in paragraph at lines 792--792
[]\T1/ptm/m/it/10 file_names\T1/ptm/m/n/10 , \T1/ptm/m/it/10 file_renames\T1/pt
m/m/n/10 ,
 []


Underfull \hbox (badness 10000) in paragraph at lines 792--792
\T1/ptm/m/it/10 data_directory=None\T1/ptm/m/n/10 ,
 []


Underfull \hbox (badness 10000) in paragraph at lines 798--798
[]\T1/ptm/m/it/10 data_directory\T1/ptm/m/n/10 ,
 []


Underfull \hbox (badness 10000) in paragraph at lines 798--798
\T1/ptm/m/it/10 set_length\T1/ptm/m/n/10 , \T1/ptm/m/it/10 be-
 []

[11]
Underfull \hbox (badness 10000) in paragraph at lines 832--832
[]\T1/ptm/m/it/10 data_directory\T1/ptm/m/n/10 , \T1/ptm/m/it/10 volt-
 []


Underfull \hbox (badness 10000) in paragraph at lines 832--832
\T1/ptm/m/it/10 age_pattern\T1/ptm/m/n/10 , \T1/ptm/m/it/10 be-
 []


Overfull \hbox (82.34402pt too wide) in paragraph at lines 892--892
\T1/ptm/m/it/10 mask_key='echo010_fixing_invalids'\T1/pcr/m/n/10 ) 
 []

[12]
Underfull \hbox (badness 10000) in paragraph at lines 939--939
\T1/ptm/m/it/10 y_range\T1/ptm/m/n/10 , \T1/ptm/m/it/10 pre-vi-
 []


Underfull \hbox (badness 10000) in paragraph at lines 939--939
\T1/ptm/m/it/10 ous_mask={}\T1/ptm/m/n/10 ,
 []


Underfull \hbox (badness 10000) in paragraph at lines 939--939
\T1/ptm/m/it/10 re-turn_mask=False\T1/ptm/m/n/10 ,
 []


Overfull \hbox (73.36412pt too wide) in paragraph at lines 939--939
\T1/ptm/m/it/10 mask_key='echo120_subarray_mask'\T1/pcr/m/n/10 ) 
 []

[13]
Underfull \hbox (badness 10000) in paragraph at lines 986--986
[]\T1/ptm/m/it/10 data_array\T1/ptm/m/n/10 ,
 []


Overfull \hbox (15.41425pt too wide) in paragraph at lines 986--986
\T1/ptm/m/it/10 sigma_multiple\T1/ptm/m/n/10 ,
 []


Underfull \hbox (badness 10000) in paragraph at lines 986--986
\T1/ptm/m/it/10 bin_width\T1/ptm/m/n/10 ,
 []


Underfull \hbox (badness 10000) in paragraph at lines 986--986
\T1/ptm/m/it/10 pre-vi-
 []


Overfull \hbox (7.93468pt too wide) in paragraph at lines 986--986
\T1/ptm/m/it/10 ous_mask={}\T1/ptm/m/n/10 ,
 []


Underfull \hbox (badness 10000) in paragraph at lines 986--986
\T1/ptm/m/it/10 re-
 []


Overfull \hbox (24.18431pt too wide) in paragraph at lines 986--986
\T1/ptm/m/it/10 turn_mask=False\T1/ptm/m/n/10 ,
 []


Overfull \hbox (130.08379pt too wide) in paragraph at lines 986--986
\T1/ptm/m/it/10 mask_key='echo170_gaussian_truncation'\T1/pcr/m/n/10 ) 
 []


Underfull \hbox (badness 10000) in paragraph at lines 1040--1040
[]\T1/ptm/m/it/10 data_array\T1/ptm/m/n/10 , \T1/ptm/m/it/10 min-i-
 []


Underfull \hbox (badness 10000) in paragraph at lines 1040--1040
\T1/ptm/m/it/10 mum_value\T1/ptm/m/n/10 , \T1/ptm/m/it/10 pre-vi-
 []


Underfull \hbox (badness 10000) in paragraph at lines 1040--1040
\T1/ptm/m/it/10 ous_mask={}\T1/ptm/m/n/10 , \T1/ptm/m/it/10 re-
 []


Underfull \hbox (badness 10000) in paragraph at lines 1040--1040
\T1/ptm/m/it/10 turn_mask=False\T1/ptm/m/n/10 ,
 []


Overfull \hbox (54.29413pt too wide) in paragraph at lines 1040--1040
\T1/ptm/m/it/10 mask_key='echo270_minimum_cut'\T1/pcr/m/n/10 ) 
 []

[14]
Underfull \hbox (badness 10000) in paragraph at lines 1082--1082
[]\T1/ptm/m/it/10 data_array\T1/ptm/m/n/10 , \T1/ptm/m/it/10 max-i-
 []


Underfull \hbox (badness 10000) in paragraph at lines 1082--1082
\T1/ptm/m/it/10 mum_value\T1/ptm/m/n/10 , \T1/ptm/m/it/10 pre-vi-
 []


Underfull \hbox (badness 10000) in paragraph at lines 1082--1082
\T1/ptm/m/it/10 ous_mask={}\T1/ptm/m/n/10 , \T1/ptm/m/it/10 re-
 []


Underfull \hbox (badness 10000) in paragraph at lines 1082--1082
\T1/ptm/m/it/10 turn_mask=False\T1/ptm/m/n/10 ,
 []


Overfull \hbox (55.95418pt too wide) in paragraph at lines 1082--1082
\T1/ptm/m/it/10 mask_key='echo271_maximum_cut'\T1/pcr/m/n/10 ) 
 []


Underfull \hbox (badness 10000) in paragraph at lines 1124--1124
[]\T1/ptm/m/it/10 data_array\T1/ptm/m/n/10 ,
 []


Underfull \hbox (badness 10000) in paragraph at lines 1124--1124
\T1/ptm/m/it/10 vi-ous_mask={}\T1/ptm/m/n/10 ,
 []


Underfull \hbox (badness 10000) in paragraph at lines 1124--1124
\T1/ptm/m/it/10 re-
 []


Overfull \hbox (6.18431pt too wide) in paragraph at lines 1124--1124
\T1/ptm/m/it/10 turn_mask=False\T1/ptm/m/n/10 ,
 []


Overfull \hbox (95.96378pt too wide) in paragraph at lines 1124--1124
\T1/ptm/m/it/10 mask_key='echo275_pixel_truncation'\T1/pcr/m/n/10 ) 
 []

[15]
Underfull \hbox (badness 10000) in paragraph at lines 1172--1172
[]\T1/ptm/m/it/10 data_array\T1/ptm/m/n/10 ,
 []


Underfull \hbox (badness 10000) in paragraph at lines 1172--1172
\T1/ptm/m/it/10 kept_range\T1/ptm/m/n/10 ,
 []


Underfull \hbox (badness 10000) in paragraph at lines 1172--1172
\T1/ptm/m/it/10 pre-vi-
 []


Overfull \hbox (1.93468pt too wide) in paragraph at lines 1172--1172
\T1/ptm/m/it/10 ous_mask={}\T1/ptm/m/n/10 ,
 []


Underfull \hbox (badness 10000) in paragraph at lines 1172--1172
\T1/ptm/m/it/10 re-
 []


Overfull \hbox (18.18431pt too wide) in paragraph at lines 1172--1172
\T1/ptm/m/it/10 turn_mask=False\T1/ptm/m/n/10 ,
 []


Overfull \hbox (118.1437pt too wide) in paragraph at lines 1172--1172
\T1/ptm/m/it/10 mask_key='echo276_percent_truncation'\T1/pcr/m/n/10 ) 
 []


Underfull \hbox (badness 10000) in paragraph at lines 1217--1217
[]\T1/ptm/m/it/10 data_array\T1/ptm/m/n/10 ,
 []


Underfull \hbox (badness 10000) in paragraph at lines 1217--1217
\T1/ptm/m/it/10 sigma_limits\T1/ptm/m/n/10 ,
 []


Underfull \hbox (badness 10000) in paragraph at lines 1217--1217
\T1/ptm/m/it/10 pre-vi-
 []


Underfull \hbox (badness 10000) in paragraph at lines 1217--1217
\T1/ptm/m/it/10 ous_mask={}\T1/ptm/m/n/10 ,
 []


Underfull \hbox (badness 10000) in paragraph at lines 1217--1217
\T1/ptm/m/it/10 re-
 []


Overfull \hbox (6.18431pt too wide) in paragraph at lines 1217--1217
\T1/ptm/m/it/10 turn_mask=False\T1/ptm/m/n/10 ,
 []


Overfull \hbox (100.41386pt too wide) in paragraph at lines 1217--1217
\T1/ptm/m/it/10 mask_key='echo277_sigma_truncation'\T1/pcr/m/n/10 ) 
 []

[16]
Underfull \hbox (badness 10000) in paragraph at lines 1268--1268
[]\T1/ptm/m/it/10 data_array\T1/ptm/m/n/10 ,
 []


Underfull \hbox (badness 10000) in paragraph at lines 1268--1268
\T1/ptm/m/it/10 pixel_list\T1/ptm/m/n/10 , \T1/ptm/m/it/10 pre-
 []


Underfull \hbox (badness 10000) in paragraph at lines 1268--1268
\T1/ptm/m/it/10 vi-ous_mask={}\T1/ptm/m/n/10 ,
 []


Underfull \hbox (badness 10000) in paragraph at lines 1268--1268
\T1/ptm/m/it/10 re-turn_mask=False\T1/ptm/m/n/10 ,
 []


Overfull \hbox (59.07378pt too wide) in paragraph at lines 1268--1268
\T1/ptm/m/it/10 mask_key='echo380single_pixels'\T1/pcr/m/n/10 ) 
 []

[17]
Underfull \hbox (badness 10000) in paragraph at lines 1311--1311
[]\T1/ptm/m/it/10 data_array\T1/ptm/m/n/10 ,
 []


Underfull \hbox (badness 10000) in paragraph at lines 1311--1311
\T1/ptm/m/it/10 x_ranges\T1/ptm/m/n/10 ,
 []


Underfull \hbox (badness 10000) in paragraph at lines 1311--1311
\T1/ptm/m/it/10 y_ranges\T1/ptm/m/n/10 , \T1/ptm/m/it/10 pre-
 []


Underfull \hbox (badness 10000) in paragraph at lines 1311--1311
\T1/ptm/m/it/10 turn_mask=False\T1/ptm/m/n/10 ,
 []


Overfull \hbox (80.8039pt too wide) in paragraph at lines 1311--1311
\T1/ptm/m/it/10 mask_key='echo381_rectangle_mask'\T1/pcr/m/n/10 ) 
 []


Underfull \hbox (badness 10000) in paragraph at lines 1360--1360
[]\T1/ptm/m/it/10 data_array\T1/ptm/m/n/10 , \T1/ptm/m/it/10 col-
 []


Underfull \hbox (badness 10000) in paragraph at lines 1360--1360
\T1/ptm/m/it/10 umn_list\T1/ptm/m/n/10 , \T1/ptm/m/it/10 pre-vi-
 []


Underfull \hbox (badness 10000) in paragraph at lines 1360--1360
\T1/ptm/m/it/10 ous_mask={}\T1/ptm/m/n/10 , \T1/ptm/m/it/10 re-
 []


Underfull \hbox (badness 10000) in paragraph at lines 1360--1360
\T1/ptm/m/it/10 turn_mask=False\T1/ptm/m/n/10 ,
 []


Overfull \hbox (54.84421pt too wide) in paragraph at lines 1360--1360
\T1/ptm/m/it/10 mask_key='echo382_column_mask'\T1/pcr/m/n/10 ) 
 []

[18]
Underfull \hbox (badness 10000) in paragraph at lines 1403--1403
[]\T1/ptm/m/it/10 data_array\T1/ptm/m/n/10 , \T1/ptm/m/it/10 row_list\T1/ptm/m/
n/10 ,
 []


Underfull \hbox (badness 10000) in paragraph at lines 1403--1403
\T1/ptm/m/it/10 pre-vi-ous_mask={}\T1/ptm/m/n/10 ,
 []


Underfull \hbox (badness 10000) in paragraph at lines 1403--1403
\T1/ptm/m/it/10 re-turn_mask=False\T1/ptm/m/n/10 ,
 []


Overfull \hbox (22.51425pt too wide) in paragraph at lines 1403--1403
\T1/ptm/m/it/10 mask_key='echo383_row_mask'\T1/pcr/m/n/10 ) 
 []


Underfull \hbox (badness 10000) in paragraph at lines 1446--1446
[]\T1/ptm/m/it/10 data_array\T1/ptm/m/n/10 , \T1/ptm/m/it/10 pre-vi-
 []


Underfull \hbox (badness 10000) in paragraph at lines 1446--1446
\T1/ptm/m/it/10 ous_mask={}\T1/ptm/m/n/10 , \T1/ptm/m/it/10 re-
 []


Underfull \hbox (badness 10000) in paragraph at lines 1446--1446
\T1/ptm/m/it/10 turn_mask=False\T1/ptm/m/n/10 ,
 []


Overfull \hbox (6.41438pt too wide) in paragraph at lines 1446--1446
\T1/ptm/m/it/10 mask_key='echo398_nothing'\T1/pcr/m/n/10 ) 
 []

[19]
Underfull \hbox (badness 10000) in paragraph at lines 1486--1486
[]\T1/ptm/m/it/10 data_array\T1/ptm/m/n/10 , \T1/ptm/m/it/10 pre-vi-
 []


Underfull \hbox (badness 10000) in paragraph at lines 1486--1486
\T1/ptm/m/it/10 ous_mask={}\T1/ptm/m/n/10 , \T1/ptm/m/it/10 re-
 []


Underfull \hbox (badness 10000) in paragraph at lines 1486--1486
\T1/ptm/m/it/10 turn_mask=False\T1/ptm/m/n/10 ,
 []


Overfull \hbox (35.91414pt too wide) in paragraph at lines 1486--1486
\T1/ptm/m/it/10 mask_key='echo399_everything'\T1/pcr/m/n/10 ) 
 []


Underfull \hbox (badness 10000) in paragraph at lines 1539--1539
[]\T1/ptm/m/it/10 data_array\T1/ptm/m/n/10 , \T1/ptm/m/it/10 syn-the-
 []


Underfull \hbox (badness 10000) in paragraph at lines 1539--1539
\T1/ptm/m/it/10 sized_mask\T1/ptm/m/n/10 , \T1/ptm/m/it/10 mask-
 []

[20]
Underfull \hbox (badness 10000) in paragraph at lines 1569--1569
[]\T1/ptm/m/it/10 pixel_mask\T1/ptm/m/n/10 ,
 []


Underfull \hbox (badness 10000) in paragraph at lines 1569--1569
\T1/ptm/m/it/10 mask-
 []


Overfull \hbox (0.63435pt too wide) in paragraph at lines 1569--1569
\T1/ptm/m/it/10 ing_dictionary\T1/ptm/m/n/10 ,
 []


Underfull \hbox (badness 10000) in paragraph at lines 1569--1569
\T1/ptm/m/it/10 fil-ter_name\T1/ptm/m/n/10 ,
 []


Underfull \hbox (badness 10000) in paragraph at lines 1569--1569
\T1/ptm/m/it/10 re-
 []


Overfull \hbox (9.68443pt too wide) in paragraph at lines 1569--1569
\T1/ptm/m/it/10 turn_mask_only\T1/pcr/m/n/10 ) 
 []


Overfull \hbox (30.68416pt too wide) in paragraph at lines 1628--1628
[]\T1/ptm/m/it/10 masking_dictionary\T1/pcr/m/n/10 ) 
 []

[21]
Underfull \hbox (badness 10000) in paragraph at lines 1659--1659
[]\T1/ptm/m/it/10 data_directory\T1/ptm/m/n/10 , \T1/ptm/m/it/10 con-fig-u-ra-
 []


Underfull \hbox (badness 10000) in paragraph at lines 1659--1659
\T1/ptm/m/it/10 tion_class\T1/ptm/m/n/10 , \T1/ptm/m/it/10 over-write=True\T1/p
tm/m/n/10 ,
 []


Underfull \hbox (badness 10000) in paragraph at lines 1697--1697
[]\T1/ptm/m/it/10 data_array\T1/ptm/m/n/10 , \T1/ptm/m/it/10 con-fig-u-ra-tion_
class\T1/ptm/m/n/10 ,
 []

[22] [23] [24] [25]
Overfull \hbox (14.01399pt too wide) in paragraph at lines 2223--2223
[]\T1/ptm/m/it/10 silenced_warning_type\T1/pcr/m/n/10 ) 
 []

[26]
Underfull \hbox (badness 10000) in paragraph at lines 2273--2273
[]\T1/ptm/m/it/10 file_name\T1/ptm/m/n/10 , \T1/ptm/m/it/10 ex-ten-sion=0\T1/pt
m/m/n/10 , \T1/ptm/m/it/10 null_min=-
 []


Underfull \hbox (badness 10000) in paragraph at lines 2273--2273
\T1/ptm/m/it/10 1000000.0\T1/ptm/m/n/10 , \T1/ptm/m/it/10 null_max=1000000.0\T1
/ptm/m/n/10 ,
 []


Underfull \hbox (badness 10000) in paragraph at lines 2325--2325
[]\T1/ptm/m/it/10 figure\T1/ptm/m/n/10 , \T1/ptm/m/it/10 file_name\T1/ptm/m/n/1
0 , \T1/ptm/m/it/10 ti-tle=None\T1/ptm/m/n/10 ,
 []

[27]
Underfull \hbox (badness 10000) in paragraph at lines 2371--2371
[]\T1/ptm/m/it/10 file_name\T1/ptm/m/n/10 , \T1/ptm/m/it/10 hdu_header\T1/ptm/m
/n/10 , \T1/ptm/m/it/10 hdu_data\T1/ptm/m/n/10 ,
 []


Underfull \hbox (badness 10000) in paragraph at lines 2371--2371
\T1/ptm/m/it/10 hdu_object=None\T1/ptm/m/n/10 , \T1/ptm/m/it/10 save_file=True\
T1/ptm/m/n/10 ,
 []

[28]
Overfull \hbox (47.24501pt too wide) in paragraph at lines 2560--2560
[]\T1/pcr/m/n/10 ) 
 []

[29]
Overfull \hbox (17.24501pt too wide) in paragraph at lines 2581--2581
[]\T1/pcr/m/n/10 ) 
 []


Overfull \hbox (35.24501pt too wide) in paragraph at lines 2602--2602
[]\T1/pcr/m/n/10 ) 
 []


Overfull \hbox (4.96484pt too wide) in paragraph at lines 2654--2654
[]\T1/ptm/m/it/10 x_data\T1/ptm/m/n/10 ,
 []


Overfull \hbox (4.96484pt too wide) in paragraph at lines 2654--2654
\T1/ptm/m/it/10 y_data\T1/ptm/m/n/10 ,
 []


Underfull \hbox (badness 10000) in paragraph at lines 2654--2654
\T1/ptm/m/it/10 ini-
 []


Overfull \hbox (27.35435pt too wide) in paragraph at lines 2654--2654
\T1/ptm/m/it/10 tal_guesses\T1/pcr/m/n/10 ) 
 []

[30]
Overfull \hbox (82.59473pt too wide) in paragraph at lines 2692--2692
[]\T1/ptm/m/it/10 data_array\T1/ptm/m/n/10 ,
 []


Overfull \hbox (81.25461pt too wide) in paragraph at lines 2692--2692
\T1/ptm/m/it/10 bin_width\T1/pcr/m/n/10 ) 
 []


Underfull \hbox (badness 10000) in paragraph at lines 2741--2741
[]\T1/ptm/m/it/10 data_array\T1/ptm/m/n/10 , \T1/ptm/m/it/10 fig-
 []


Underfull \hbox (badness 10000) in paragraph at lines 2741--2741
\T1/ptm/m/it/10 ure_axes=None\T1/ptm/m/n/10 , \T1/ptm/m/it/10 plot=True\T1/ptm/
m/n/10 ,
 []


Overfull \hbox (51.51328pt too wide) in paragraph at lines 2741--2741
\T1/ptm/m/it/10 heatmap_plot_parameters={'interpolation':
 []


Underfull \hbox (badness 10000) in paragraph at lines 2741--2741
\T1/ptm/m/it/10 'near-est'}\T1/ptm/m/n/10 , \T1/ptm/m/it/10 col-or-
 []


Overfull \hbox (18.74353pt too wide) in paragraph at lines 2741--2741
\T1/ptm/m/it/10 bar_plot_paramters={'orientation':
 []

[31]
Underfull \hbox (badness 10000) in paragraph at lines 2795--2795
[]\T1/ptm/m/it/10 data_array\T1/ptm/m/n/10 , \T1/ptm/m/it/10 fig-ure_axes=None\
T1/ptm/m/n/10 ,
 []


Underfull \hbox (badness 10000) in paragraph at lines 2795--2795
\T1/ptm/m/it/10 fit_gaussian=True\T1/ptm/m/n/10 ,
 []


Underfull \hbox (badness 10000) in paragraph at lines 2795--2795
\T1/ptm/m/it/10 bin_width=None\T1/ptm/m/n/10 , \T1/ptm/m/it/10 plot=True\T1/ptm
/m/n/10 ,
 []


Underfull \hbox (badness 10000) in paragraph at lines 2795--2795
\T1/ptm/m/it/10 his-togram_plot_paramters={}\T1/ptm/m/n/10 ,
 []

[32]
Underfull \hbox (badness 10000) in paragraph at lines 2865--2865
[]\T1/ptm/m/it/10 data_array\T1/ptm/m/n/10 ,
 []


Underfull \hbox (badness 10000) in paragraph at lines 2865--2865
\T1/ptm/m/it/10 con-fig-u-ra-
 []


Overfull \hbox (22.16428pt too wide) in paragraph at lines 2865--2865
\T1/ptm/m/it/10 tion_class=None\T1/ptm/m/n/10 ,
 []


Underfull \hbox (badness 10000) in paragraph at lines 2865--2865
\T1/ptm/m/it/10 fig-
 []


Overfull \hbox (82.22379pt too wide) in paragraph at lines 2865--2865
\T1/ptm/m/it/10 ure_subplot_parameters={'dpi':
 []


Underfull \hbox (badness 10000) in paragraph at lines 2865--2865
\T1/ptm/m/it/10 100\T1/ptm/m/n/10 , \T1/ptm/m/it/10 'fig-
 []


Underfull \hbox (badness 10000) in paragraph at lines 2865--2865
\T1/ptm/m/it/10 size': (9\T1/ptm/m/n/10 ,
 []


Underfull \hbox (badness 10000) in paragraph at lines 2865--2865
\T1/ptm/m/it/10 3.5)}\T1/ptm/m/n/10 ,
 []


Underfull \hbox (badness 10000) in paragraph at lines 2881--2882
[]\T1/pcr/b/n/10 configuration_class \T1/ptm/m/n/10 ([][]\T1/pcr/m/n/10 Smeargl
eConfig[][] \T1/pcr/m/sl/10 or OscarConfig class
 []


Underfull \hbox (badness 10000) in paragraph at lines 2905--2905
[]\T1/ptm/m/it/10 data_array\T1/ptm/m/n/10 , \T1/ptm/m/it/10 bin_width\T1/ptm/m
/n/10 , \T1/ptm/m/it/10 lo-
 []


Underfull \hbox (badness 10000) in paragraph at lines 2905--2905
\T1/ptm/m/it/10 cal_minimum=None\T1/ptm/m/n/10 , \T1/ptm/m/it/10 lo-
 []

[33]
Underfull \hbox (badness 10000) in paragraph at lines 2947--2947
[]\T1/ptm/m/it/10 data\T1/ptm/m/n/10 , \T1/ptm/m/it/10 de-
 []


Underfull \hbox (badness 10000) in paragraph at lines 2947--2947
\T1/ptm/m/it/10 sired_form=<class
 []


Overfull \hbox (57.91429pt too wide) in paragraph at lines 2947--2947
\T1/ptm/m/it/10 'numpy.ma.core.MaskedArray'>\T1/pcr/m/n/10 ) 
 []


Overfull \hbox (18.81429pt too wide) in paragraph at lines 2989--2989
[]\T1/ptm/m/it/10 data_directory\T1/ptm/m/n/10 ,
 []


Underfull \hbox (badness 10000) in paragraph at lines 2989--2989
\T1/ptm/m/it/10 fig-
 []


Overfull \hbox (23.33447pt too wide) in paragraph at lines 2989--2989
\T1/ptm/m/it/10 ure_axes=None\T1/ptm/m/n/10 ,
 []


Underfull \hbox (badness 10000) in paragraph at lines 2989--2989
\T1/ptm/m/it/10 con-fig-u-ra-
 []


Overfull \hbox (28.16428pt too wide) in paragraph at lines 2989--2989
\T1/ptm/m/it/10 tion_class=None\T1/ptm/m/n/10 ,
 []


Overfull \hbox (1.76465pt too wide) in paragraph at lines 2989--2989
\T1/ptm/m/it/10 **kwargs\T1/pcr/m/n/10 ) 
 []


Underfull \hbox (badness 10000) in paragraph at lines 3007--3009
[]\T1/pcr/b/n/10 configuration_class \T1/ptm/m/n/10 ([][]\T1/pcr/m/n/10 Smeargl
eConfig[][] \T1/pcr/m/sl/10 or OscarConfig class
 []

[34]
Underfull \hbox (badness 7168) in paragraph at lines 3098--3101
[]\T1/ptm/m/n/10 Reads and as-signs a file IfA Smear-gle con-fig-u-ra-tion clas
s to this cur-rent class. See
 []

[35]
Overfull \hbox (89.98462pt too wide) in paragraph at lines 3163--3163
[]\T1/ptm/m/it/10 file_name=None\T1/pcr/m/n/10 ) 
 []


Overfull \hbox (77.98462pt too wide) in paragraph at lines 3233--3233
[]\T1/ptm/m/it/10 file_name=None\T1/pcr/m/n/10 ) 
 []

[36]
Overfull \hbox (89.98462pt too wide) in paragraph at lines 3296--3296
[]\T1/ptm/m/it/10 file_name=None\T1/pcr/m/n/10 ) 
 []

[37]
Overfull \hbox (101.98462pt too wide) in paragraph at lines 3368--3368
[]\T1/ptm/m/it/10 file_name=None\T1/pcr/m/n/10 ) 
 []


Overfull \hbox (77.98462pt too wide) in paragraph at lines 3399--3399
[]\T1/ptm/m/it/10 file_name=None\T1/pcr/m/n/10 ) 
 []


Overfull \hbox (61.81418pt too wide) in paragraph at lines 3439--3439
[]\T1/ptm/m/it/10 desired_class\T1/ptm/m/n/10 ,
 []


Overfull \hbox (74.48462pt too wide) in paragraph at lines 3439--3439
\T1/ptm/m/it/10 file_name=None\T1/ptm/m/n/10 ,
 []


Overfull \hbox (61.13423pt too wide) in paragraph at lines 3439--3439
\T1/ptm/m/it/10 silent=False\T1/pcr/m/n/10 ) 
 []

[38]
Overfull \hbox (110.48434pt too wide) in paragraph at lines 3476--3476
[]\T1/ptm/m/it/10 configuration_class\T1/ptm/m/n/10 ,
 []


Overfull \hbox (42.01491pt too wide) in paragraph at lines 3476--3476
\T1/ptm/m/it/10 de-
 []


Overfull \hbox (76.37424pt too wide) in paragraph at lines 3476--3476
\T1/ptm/m/it/10 sired_class\T1/ptm/m/n/10 ,
 []


Overfull \hbox (106.22449pt too wide) in paragraph at lines 3476--3476
\T1/ptm/m/it/10 deep_copy=False\T1/pcr/m/n/10 ) 
 []


Underfull \hbox (badness 10000) in paragraph at lines 3490--3491
[]\T1/pcr/b/n/10 desired_class \T1/ptm/m/n/10 (\T1/pcr/m/sl/10 Any BaseConfig b
ased class except for
 []


Overfull \hbox (101.98434pt too wide) in paragraph at lines 3510--3510
[]\T1/ptm/m/it/10 configuration_class\T1/pcr/m/n/10 ) 
 []


Overfull \hbox (57.30403pt too wide) in paragraph at lines 3537--3537
[]\T1/ptm/m/it/10 inferior_class\T1/ptm/m/n/10 ,
 []


Overfull \hbox (11.46486pt too wide) in paragraph at lines 3537--3537
\T1/ptm/m/it/10 su-
 []


Overfull \hbox (12.01491pt too wide) in paragraph at lines 3537--3537
\T1/ptm/m/it/10 pe-
 []


Overfull \hbox (45.8043pt too wide) in paragraph at lines 3537--3537
\T1/ptm/m/it/10 rior_class\T1/pcr/m/n/10 ) 
 []

[39]
Underfull \hbox (badness 10000) in paragraph at lines 3595--3595
[]\T1/ptm/m/it/10 config_class\T1/ptm/m/n/10 ,
 []


Underfull \hbox (badness 7981) in paragraph at lines 3595--3595
\T1/ptm/m/it/10 file_name\T1/ptm/m/n/10 , \T1/ptm/m/it/10 over-
 []


Underfull \hbox (badness 10000) in paragraph at lines 3595--3595
\T1/ptm/m/it/10 write=False\T1/ptm/m/n/10 ,
 []

[40]
Overfull \hbox (144.81429pt too wide) in paragraph at lines 3703--3703
[]\T1/ptm/m/it/10 data_directory\T1/ptm/m/n/10 ,
 []


Overfull \hbox (101.01491pt too wide) in paragraph at lines 3703--3703
\T1/ptm/m/it/10 con-
 []


Overfull \hbox (96.57497pt too wide) in paragraph at lines 3703--3703
\T1/ptm/m/it/10 fig-
 []


Overfull \hbox (91.57497pt too wide) in paragraph at lines 3703--3703
\T1/ptm/m/it/10 u-
 []


Overfull \hbox (95.31496pt too wide) in paragraph at lines 3703--3703
\T1/ptm/m/it/10 ra-
 []


Overfull \hbox (129.80441pt too wide) in paragraph at lines 3703--3703
\T1/ptm/m/it/10 tion_class\T1/pcr/m/n/10 ) 
 []


Underfull \hbox (badness 10000) in paragraph at lines 3716--3719
[]\T1/pcr/b/n/10 configuration_class \T1/ptm/m/n/10 (\T1/pcr/m/sl/10 SmeargleCo
nfig class\T1/ptm/m/n/10 ) ^^U The con-fig-u-ra-tion
 []

[41]
Overfull \hbox (102.81429pt too wide) in paragraph at lines 3735--3735
[]\T1/ptm/m/it/10 data_directory\T1/ptm/m/n/10 ,
 []


Overfull \hbox (59.01491pt too wide) in paragraph at lines 3735--3735
\T1/ptm/m/it/10 con-
 []


Overfull \hbox (54.57497pt too wide) in paragraph at lines 3735--3735
\T1/ptm/m/it/10 fig-
 []


Overfull \hbox (49.57497pt too wide) in paragraph at lines 3735--3735
\T1/ptm/m/it/10 u-
 []


Overfull \hbox (53.31496pt too wide) in paragraph at lines 3735--3735
\T1/ptm/m/it/10 ra-
 []


Overfull \hbox (87.80441pt too wide) in paragraph at lines 3735--3735
\T1/ptm/m/it/10 tion_class\T1/pcr/m/n/10 ) 
 []


Underfull \hbox (badness 10000) in paragraph at lines 3749--3751
[]\T1/pcr/b/n/10 configuration_class \T1/ptm/m/n/10 (\T1/pcr/m/sl/10 SmeargleCo
nfig class\T1/ptm/m/n/10 ) ^^U The con-fig-u-ra-tion
 []

[42] [43] [44]
Chapter 4.
[45

] [46

]
Underfull \hbox (badness 10000) in paragraph at lines 4032--4033
[]\T1/pcr/m/n/10 IfA_Smeargle.bravo.input_sanitization\T1/ptm/m/n/10 ,
 []


Underfull \hbox (badness 10000) in paragraph at lines 4038--4039
[]\T1/pcr/m/n/10 IfA_Smeargle.echo.masks.masks_echo000\T1/ptm/m/n/10 ,
 []


Underfull \hbox (badness 10000) in paragraph at lines 4039--4040
[]\T1/pcr/m/n/10 IfA_Smeargle.echo.masks.masks_echo100\T1/ptm/m/n/10 ,
 []


Underfull \hbox (badness 10000) in paragraph at lines 4040--4041
[]\T1/pcr/m/n/10 IfA_Smeargle.echo.masks.masks_echo200\T1/ptm/m/n/10 ,
 []


Underfull \hbox (badness 10000) in paragraph at lines 4041--4042
[]\T1/pcr/m/n/10 IfA_Smeargle.echo.masks.masks_echo300\T1/ptm/m/n/10 ,
 []


Overfull \hbox (0.6225pt too wide) in paragraph at lines 4049--4050
[]\T1/pcr/m/n/10 IfA_Smeargle.meta.modeling_and_fitting\T1/ptm/m/n/10 ,
 []


Overfull \hbox (18.6225pt too wide) in paragraph at lines 4058--4059
[]\T1/pcr/m/n/10 IfA_Smeargle.yankee.configuration_classes\T1/ptm/m/n/10 ,
 []


Overfull \hbox (114.6225pt too wide) in paragraph at lines 4059--4060
[]\T1/pcr/m/n/10 IfA_Smeargle.yankee.configuration_classes.BaseConfig_file\T1/p
tm/m/n/10 ,
 []


Overfull \hbox (120.6225pt too wide) in paragraph at lines 4060--4061
[]\T1/pcr/m/n/10 IfA_Smeargle.yankee.configuration_classes.BravoConfig_file\T1/
ptm/m/n/10 ,
 []


Overfull \hbox (114.6225pt too wide) in paragraph at lines 4061--4062
[]\T1/pcr/m/n/10 IfA_Smeargle.yankee.configuration_classes.EchoConfig_file\T1/p
tm/m/n/10 ,
 []


Overfull \hbox (120.6225pt too wide) in paragraph at lines 4062--4063
[]\T1/pcr/m/n/10 IfA_Smeargle.yankee.configuration_classes.OscarConfig_file\T1/
ptm/m/n/10 ,
 []


Overfull \hbox (126.6225pt too wide) in paragraph at lines 4063--4064
[]\T1/pcr/m/n/10 IfA_Smeargle.yankee.configuration_classes.YankeeConfig_file\T1
/ptm/m/n/10 ,
 []


Overfull \hbox (114.6225pt too wide) in paragraph at lines 4064--4065
[]\T1/pcr/m/n/10 IfA_Smeargle.yankee.configuration_classes.ZuluConfig_file\T1/p
tm/m/n/10 ,
 []


Underfull \hbox (badness 10000) in paragraph at lines 4065--4066
[]\T1/pcr/m/n/10 IfA_Smeargle.yankee.yankee_functions\T1/ptm/m/n/10 ,
 []


Underfull \hbox (badness 10000) in paragraph at lines 4068--4069
[]\T1/pcr/m/n/10 IfA_Smeargle.zulu.detector_pipelines\T1/ptm/m/n/10 ,
 []


Overfull \hbox (90.6225pt too wide) in paragraph at lines 4069--4070
[]\T1/pcr/m/n/10 IfA_Smeargle.zulu.detector_pipelines.saphira_pipeline\T1/ptm/m
/n/10 ,
 []

[47

] (./ifa-smeargle.ind [48


]
Overfull \hbox (37.84088pt too wide) in paragraph at lines 8--10
[]\T1/pcr/m/n/10 __deepcopy__() \T1/ptm/m/n/10 (\T1/ptm/m/it/10 IfA_Smeargle.zu
lu.zulu_main.IfasDataArray
 []


Overfull \hbox (117.69049pt too wide) in paragraph at lines 10--12
[]\T1/pcr/m/n/10 __str__() \T1/ptm/m/n/10 (\T1/ptm/m/it/10 IfA_Smeargle.yankee.
configuration_classes.BaseConfig_file.BaseConfig
 []


Underfull \hbox (badness 10000) in paragraph at lines 16--18
[]\T1/pcr/m/n/10 avg_endpts_config
 []


Overfull \hbox (111.49066pt too wide) in paragraph at lines 16--18
\T1/ptm/m/n/10 (\T1/ptm/m/it/10 IfA_Smeargle.yankee.configuration_classes.Bravo
Config_file.BravoConfig
 []


Underfull \hbox (badness 10000) in paragraph at lines 21--23
[]\T1/pcr/m/n/10 BaseConfig \T1/ptm/m/n/10 (\T1/ptm/m/it/10 class in
 []


Overfull \hbox (55.83063pt too wide) in paragraph at lines 21--23
\T1/ptm/m/it/10 IfA_Smeargle.yankee.configuration_classes.BaseConfig_file\T1/pt
m/m/n/10 ),
 []


Underfull \hbox (badness 10000) in paragraph at lines 27--29
[]\T1/pcr/m/n/10 bravo_execution_saphira() \T1/ptm/m/n/10 (\T1/ptm/m/it/10 in m
od-ule
 []


Underfull \hbox (badness 7291) in paragraph at lines 29--31
[]\T1/pcr/m/n/10 bravo_filename_split_by_parameter() \T1/ptm/m/n/10 (\T1/ptm/m/
it/10 in
 []


Underfull \hbox (badness 10000) in paragraph at lines 31--33
[]\T1/pcr/m/n/10 bravo_rename_parallel() \T1/ptm/m/n/10 (\T1/ptm/m/it/10 in mod
-ule
 []


Underfull \hbox (badness 10000) in paragraph at lines 33--35
[]\T1/pcr/m/n/10 BravoConfig \T1/ptm/m/n/10 (\T1/ptm/m/it/10 class in
 []


Overfull \hbox (60.68073pt too wide) in paragraph at lines 33--35
\T1/ptm/m/it/10 IfA_Smeargle.yankee.configuration_classes.BravoConfig_file\T1/p
tm/m/n/10 ),
 []


Overfull \hbox (1.84088pt too wide) in paragraph at lines 39--41
[]\T1/pcr/m/n/10 config() \T1/ptm/m/n/10 (\T1/ptm/m/it/10 IfA_Smeargle.zulu.zul
u_main.IfasDataArray
 []


Underfull \hbox (badness 10000) in paragraph at lines 46--48
[]\T1/pcr/m/n/10 data() \T1/ptm/m/n/10 (\T1/ptm/m/it/10 IfA_Smeargle.zulu.zulu_
main.IfasDataArray
 []


Overfull \hbox (13.84088pt too wide) in paragraph at lines 49--51
[]\T1/pcr/m/n/10 datamask() \T1/ptm/m/n/10 (\T1/ptm/m/it/10 IfA_Smeargle.zulu.z
ulu_main.IfasDataArray
 []


Overfull \hbox (13.84088pt too wide) in paragraph at lines 52--54
[]\T1/pcr/m/n/10 deepcopy() \T1/ptm/m/n/10 (\T1/ptm/m/it/10 IfA_Smeargle.zulu.z
ulu_main.IfasDataArray
 []


Overfull \hbox (151.39069pt too wide) in paragraph at lines 56--58
[]\T1/pcr/m/n/10 detector_name \T1/ptm/m/n/10 (\T1/ptm/m/it/10 IfA_Smeargle.yan
kee.configuration_classes.BravoConfig_file.BravoConfig
 []


Overfull \hbox (149.6109pt too wide) in paragraph at lines 61--63
[]\T1/pcr/m/n/10 echo010_config \T1/ptm/m/n/10 (\T1/ptm/m/it/10 IfA_Smeargle.ya
nkee.configuration_classes.EchoConfig_file.EchoConfig
 []


Underfull \hbox (badness 10000) in paragraph at lines 63--65
[]\T1/pcr/m/n/10 echo010_fixing_invalids() \T1/ptm/m/n/10 (\T1/ptm/m/it/10 in m
od-ule
 []


Underfull \hbox (badness 10000) in paragraph at lines 63--65
\T1/ptm/m/it/10 IfA_Smeargle.echo.masks.masks_echo000\T1/ptm/m/n/10 ),
 []


Overfull \hbox (149.6109pt too wide) in paragraph at lines 65--67
[]\T1/pcr/m/n/10 echo120_config \T1/ptm/m/n/10 (\T1/ptm/m/it/10 IfA_Smeargle.ya
nkee.configuration_classes.EchoConfig_file.EchoConfig
 []


Underfull \hbox (badness 10000) in paragraph at lines 67--69
[]\T1/pcr/m/n/10 echo120_subarray_mask() \T1/ptm/m/n/10 (\T1/ptm/m/it/10 in mod
-ule
 []


Underfull \hbox (badness 10000) in paragraph at lines 67--69
\T1/ptm/m/it/10 IfA_Smeargle.echo.masks.masks_echo100\T1/ptm/m/n/10 ),
 []


Underfull \hbox (badness 10000) in paragraph at lines 71--73
[]\T1/pcr/m/n/10 echo270_minimum_cut() \T1/ptm/m/n/10 (\T1/ptm/m/it/10 in mod-u
le
 []


Underfull \hbox (badness 10000) in paragraph at lines 71--73
\T1/ptm/m/it/10 IfA_Smeargle.echo.masks.masks_echo200\T1/ptm/m/n/10 ),
 []


Underfull \hbox (badness 10000) in paragraph at lines 73--75
[]\T1/pcr/m/n/10 echo271_maximum_cut() \T1/ptm/m/n/10 (\T1/ptm/m/it/10 in mod-u
le
 []


Underfull \hbox (badness 10000) in paragraph at lines 73--75
\T1/ptm/m/it/10 IfA_Smeargle.echo.masks.masks_echo200\T1/ptm/m/n/10 ),
 []


Underfull \hbox (badness 10000) in paragraph at lines 75--77
[]\T1/pcr/m/n/10 echo275_pixel_truncation() \T1/ptm/m/n/10 (\T1/ptm/m/it/10 in 
mod-ule
 []


Underfull \hbox (badness 10000) in paragraph at lines 77--79
[]\T1/pcr/m/n/10 echo276_percent_truncation() \T1/ptm/m/n/10 (\T1/ptm/m/it/10 i
n mod-ule
 []


Underfull \hbox (badness 10000) in paragraph at lines 79--81
[]\T1/pcr/m/n/10 echo277_sigma_truncation() \T1/ptm/m/n/10 (\T1/ptm/m/it/10 in 
mod-ule
 []


Underfull \hbox (badness 10000) in paragraph at lines 81--83
[]\T1/pcr/m/n/10 echo380_single_pixels() \T1/ptm/m/n/10 (\T1/ptm/m/it/10 in mod
-ule
 []


Underfull \hbox (badness 10000) in paragraph at lines 81--83
\T1/ptm/m/it/10 IfA_Smeargle.echo.masks.masks_echo300\T1/ptm/m/n/10 ),
 []


Underfull \hbox (badness 10000) in paragraph at lines 83--85
[]\T1/pcr/m/n/10 echo381_rectangle_mask() \T1/ptm/m/n/10 (\T1/ptm/m/it/10 in mo
d-ule
 []


Underfull \hbox (badness 10000) in paragraph at lines 83--85
\T1/ptm/m/it/10 IfA_Smeargle.echo.masks.masks_echo300\T1/ptm/m/n/10 ),
 []


Underfull \hbox (badness 10000) in paragraph at lines 85--87
[]\T1/pcr/m/n/10 echo382_column_mask() \T1/ptm/m/n/10 (\T1/ptm/m/it/10 in mod-u
le
 []


Underfull \hbox (badness 10000) in paragraph at lines 85--87
\T1/ptm/m/it/10 IfA_Smeargle.echo.masks.masks_echo300\T1/ptm/m/n/10 ),
 []

[49

]
Underfull \hbox (badness 10000) in paragraph at lines 87--89
[]\T1/pcr/m/n/10 echo383_row_mask() \T1/ptm/m/n/10 (\T1/ptm/m/it/10 in mod-ule
 []


Underfull \hbox (badness 10000) in paragraph at lines 87--89
\T1/ptm/m/it/10 IfA_Smeargle.echo.masks.masks_echo300\T1/ptm/m/n/10 ),
 []


Underfull \hbox (badness 10000) in paragraph at lines 89--91
[]\T1/pcr/m/n/10 echo398_nothing() \T1/ptm/m/n/10 (\T1/ptm/m/it/10 in mod-ule
 []


Underfull \hbox (badness 10000) in paragraph at lines 89--91
\T1/ptm/m/it/10 IfA_Smeargle.echo.masks.masks_echo300\T1/ptm/m/n/10 ),
 []


Underfull \hbox (badness 10000) in paragraph at lines 91--93
[]\T1/pcr/m/n/10 echo399_everything() \T1/ptm/m/n/10 (\T1/ptm/m/it/10 in mod-ul
e
 []


Underfull \hbox (badness 10000) in paragraph at lines 91--93
\T1/ptm/m/it/10 IfA_Smeargle.echo.masks.masks_echo300\T1/ptm/m/n/10 ),
 []


Underfull \hbox (badness 10000) in paragraph at lines 93--95
[]\T1/pcr/m/n/10 echo_create_masked_array() \T1/ptm/m/n/10 (\T1/ptm/m/it/10 in 
mod-ule
 []


Underfull \hbox (badness 10000) in paragraph at lines 95--97
[]\T1/pcr/m/n/10 echo_directory_execution() \T1/ptm/m/n/10 (\T1/ptm/m/it/10 in 
mod-ule
 []


Underfull \hbox (badness 10000) in paragraph at lines 97--99
[]\T1/pcr/m/n/10 echo_execution() \T1/ptm/m/n/10 (\T1/ptm/m/it/10 in mod-ule
 []


Overfull \hbox (19.84088pt too wide) in paragraph at lines 101--103
[]\T1/pcr/m/n/10 echo_mask() \T1/ptm/m/n/10 (\T1/ptm/m/it/10 IfA_Smeargle.zulu.
zulu_main.IfasDataArray
 []


Underfull \hbox (badness 10000) in paragraph at lines 103--105
[]\T1/pcr/m/n/10 echo_mask_dictionary()
 []


Underfull \hbox (badness 10000) in paragraph at lines 103--105
\T1/ptm/m/n/10 (\T1/ptm/m/it/10 IfA_Smeargle.zulu.zulu_main.IfasDataArray
 []


Underfull \hbox (badness 10000) in paragraph at lines 107--109
[]\T1/pcr/m/n/10 echo_synthesize_mask_dictionary() \T1/ptm/m/n/10 (\T1/ptm/m/it
/10 in
 []


Underfull \hbox (badness 10000) in paragraph at lines 109--111
[]\T1/pcr/m/n/10 EchoConfig \T1/ptm/m/n/10 (\T1/ptm/m/it/10 class in
 []


Overfull \hbox (56.79083pt too wide) in paragraph at lines 109--111
\T1/ptm/m/it/10 IfA_Smeargle.yankee.configuration_classes.EchoConfig_file\T1/pt
m/m/n/10 ),
 []


Underfull \hbox (badness 10000) in paragraph at lines 111--113
[]\T1/pcr/m/n/10 execute_ifas_smeargle() \T1/ptm/m/n/10 (\T1/ptm/m/it/10 in mod
-ule
 []


Overfull \hbox (1.84088pt too wide) in paragraph at lines 122--124
[]\T1/pcr/m/n/10 header() \T1/ptm/m/n/10 (\T1/ptm/m/it/10 IfA_Smeargle.zulu.zul
u_main.IfasDataArray
 []


Overfull \hbox (163.69025pt too wide) in paragraph at lines 124--126
[]\T1/pcr/m/n/10 heathist_config \T1/ptm/m/n/10 (\T1/ptm/m/it/10 IfA_Smeargle.y
ankee.configuration_classes.OscarConfig_file.OscarConfig
 []


Overfull \hbox (157.69025pt too wide) in paragraph at lines 126--128
[]\T1/pcr/m/n/10 heatmap_config \T1/ptm/m/n/10 (\T1/ptm/m/it/10 IfA_Smeargle.ya
nkee.configuration_classes.OscarConfig_file.OscarConfig
 []


Overfull \hbox (169.69025pt too wide) in paragraph at lines 128--130
[]\T1/pcr/m/n/10 histogram_config \T1/ptm/m/n/10 (\T1/ptm/m/it/10 IfA_Smeargle.
yankee.configuration_classes.OscarConfig_file.OscarConfig
 []


Underfull \hbox (badness 10000) in paragraph at lines 139--140
[]\T1/pcr/m/n/10 IfA_Smeargle.bravo.input_sanitization
 []


Underfull \hbox (badness 10000) in paragraph at lines 142--143
[]\T1/pcr/m/n/10 IfA_Smeargle.echo.echo_functions \T1/ptm/m/n/10 (\T1/ptm/m/it/
10 mod-
 []


Underfull \hbox (badness 10000) in paragraph at lines 145--146
[]\T1/pcr/m/n/10 IfA_Smeargle.echo.masks.masks_echo000
 []


Underfull \hbox (badness 10000) in paragraph at lines 146--147
[]\T1/pcr/m/n/10 IfA_Smeargle.echo.masks.masks_echo100
 []


Underfull \hbox (badness 10000) in paragraph at lines 147--148
[]\T1/pcr/m/n/10 IfA_Smeargle.echo.masks.masks_echo200
 []


Underfull \hbox (badness 10000) in paragraph at lines 148--149
[]\T1/pcr/m/n/10 IfA_Smeargle.echo.masks.masks_echo300
 []


Underfull \hbox (badness 10000) in paragraph at lines 156--157
[]\T1/pcr/m/n/10 IfA_Smeargle.meta.modeling_and_fitting
 []


Underfull \hbox (badness 10000) in paragraph at lines 163--164
[]\T1/pcr/m/n/10 IfA_Smeargle.oscar.voltage_plots \T1/ptm/m/n/10 (\T1/ptm/m/it/
10 mod-
 []


Overfull \hbox (16.1225pt too wide) in paragraph at lines 165--166
[]\T1/pcr/m/n/10 IfA_Smeargle.yankee.configuration_classes
 []


Overfull \hbox (112.1225pt too wide) in paragraph at lines 166--168
[]\T1/pcr/m/n/10 IfA_Smeargle.yankee.configuration_classes.BaseConfig_file
 []


Overfull \hbox (118.1225pt too wide) in paragraph at lines 168--170
[]\T1/pcr/m/n/10 IfA_Smeargle.yankee.configuration_classes.BravoConfig_file
 []


Overfull \hbox (112.1225pt too wide) in paragraph at lines 170--172
[]\T1/pcr/m/n/10 IfA_Smeargle.yankee.configuration_classes.EchoConfig_file
 []


Overfull \hbox (118.1225pt too wide) in paragraph at lines 172--174
[]\T1/pcr/m/n/10 IfA_Smeargle.yankee.configuration_classes.OscarConfig_file
 []


Overfull \hbox (124.1225pt too wide) in paragraph at lines 174--176
[]\T1/pcr/m/n/10 IfA_Smeargle.yankee.configuration_classes.YankeeConfig_file
 []


Overfull \hbox (112.1225pt too wide) in paragraph at lines 176--178
[]\T1/pcr/m/n/10 IfA_Smeargle.yankee.configuration_classes.ZuluConfig_file
 []


Underfull \hbox (badness 10000) in paragraph at lines 178--179
[]\T1/pcr/m/n/10 IfA_Smeargle.yankee.yankee_functions
 []

[50]
Underfull \hbox (badness 10000) in paragraph at lines 181--182
[]\T1/pcr/m/n/10 IfA_Smeargle.zulu.detector_pipelines
 []


Overfull \hbox (88.1225pt too wide) in paragraph at lines 182--184
[]\T1/pcr/m/n/10 IfA_Smeargle.zulu.detector_pipelines.saphira_pipeline
 []


Underfull \hbox (badness 10000) in paragraph at lines 185--186
[]\T1/pcr/m/n/10 IfasDataArray \T1/ptm/m/n/10 (\T1/ptm/m/it/10 class in
 []


Underfull \hbox (badness 10000) in paragraph at lines 200--202
[]\T1/pcr/m/n/10 median_endpoints() \T1/ptm/m/n/10 (\T1/ptm/m/it/10 in mod-ule
 []


Underfull \hbox (badness 10000) in paragraph at lines 202--204
[]\T1/pcr/m/n/10 median_endpoints_per_kilosecond() \T1/ptm/m/n/10 (\T1/ptm/m/it
/10 in
 []


Underfull \hbox (badness 10000) in paragraph at lines 211--213
[]\T1/pcr/m/n/10 number_renaming() \T1/ptm/m/n/10 (\T1/ptm/m/it/10 in mod-ule
 []


Underfull \hbox (badness 10000) in paragraph at lines 216--218
[]\T1/pcr/m/n/10 oscar_bin_width() \T1/ptm/m/n/10 (\T1/ptm/m/it/10 in mod-ule
 []


Underfull \hbox (badness 10000) in paragraph at lines 218--220
[]\T1/pcr/m/n/10 oscar_convert_data_inputs() \T1/ptm/m/n/10 (\T1/ptm/m/it/10 in
 mod-ule
 []


Underfull \hbox (badness 10000) in paragraph at lines 220--222
[]\T1/pcr/m/n/10 OscarConfig \T1/ptm/m/n/10 (\T1/ptm/m/it/10 class in
 []


Overfull \hbox (60.8305pt too wide) in paragraph at lines 220--222
\T1/ptm/m/it/10 IfA_Smeargle.yankee.configuration_classes.OscarConfig_file\T1/p
tm/m/n/10 ),
 []


Underfull \hbox (badness 10000) in paragraph at lines 227--229
[]\T1/pcr/m/n/10 parallel_renaming() \T1/ptm/m/n/10 (\T1/ptm/m/it/10 in mod-ule

 []


Underfull \hbox (badness 10000) in paragraph at lines 229--231
[]\T1/pcr/m/n/10 plot_array_heatmap_image() \T1/ptm/m/n/10 (\T1/ptm/m/it/10 in 
mod-ule
 []


Underfull \hbox (badness 10000) in paragraph at lines 231--233
[]\T1/pcr/m/n/10 plot_array_histogram() \T1/ptm/m/n/10 (\T1/ptm/m/it/10 in mod-
ule
 []


Underfull \hbox (badness 7291) in paragraph at lines 233--235
[]\T1/pcr/m/n/10 plot_single_heatmap_and_histogram() \T1/ptm/m/n/10 (\T1/ptm/m/
it/10 in
 []


Underfull \hbox (badness 7291) in paragraph at lines 235--237
[]\T1/pcr/m/n/10 plotdir_dark_current_over_voltage() \T1/ptm/m/n/10 (\T1/ptm/m/
it/10 in
 []


Overfull \hbox (105.69049pt too wide) in paragraph at lines 237--239
[]\T1/pcr/m/n/10 print() \T1/ptm/m/n/10 (\T1/ptm/m/it/10 IfA_Smeargle.yankee.co
nfiguration_classes.BaseConfig_file.BaseConfig
 []


Overfull \hbox (159.69049pt too wide) in paragraph at lines 242--244
[]\T1/pcr/m/n/10 read_from_file() \T1/ptm/m/n/10 (\T1/ptm/m/it/10 IfA_Smeargle.
yankee.configuration_classes.BaseConfig_file.BaseConfig
 []


Underfull \hbox (badness 7291) in paragraph at lines 248--250
[]\T1/pcr/m/n/10 SA201907281826_reduction_pipeline() \T1/ptm/m/n/10 (\T1/ptm/m/
it/10 in
 []


Overfull \hbox (67.43991pt too wide) in paragraph at lines 248--250
\T1/ptm/m/it/10 mod-ule IfA_Smeargle.zulu.detector_pipelines.saphira_pipeline\T
1/ptm/m/n/10 ),
 []


Underfull \hbox (badness 10000) in paragraph at lines 252--254
[]\T1/pcr/m/n/10 saphira_reduction_pipeline() \T1/ptm/m/n/10 (\T1/ptm/m/it/10 i
n mod-ule
 []


Overfull \hbox (36.10008pt too wide) in paragraph at lines 252--254
\T1/ptm/m/it/10 IfA_Smeargle.zulu.detector_pipelines.saphira_pipeline\T1/ptm/m/
n/10 ),
 []


Underfull \hbox (badness 10000) in paragraph at lines 256--258
[]\T1/pcr/m/n/10 smeargle_absolute_silence() \T1/ptm/m/n/10 (\T1/ptm/m/it/10 in
 mod-ule
 []


Overfull \hbox (52.1225pt too wide) in paragraph at lines 258--260
[]\T1/pcr/m/n/10 smeargle_avaliable_bravo_processing_functions()
 []


Overfull \hbox (17.95108pt too wide) in paragraph at lines 258--260
\T1/ptm/m/n/10 (\T1/ptm/m/it/10 in mod-ule IfA_Smeargle.meta.meta_programming\T
1/ptm/m/n/10 ),
 []


Overfull \hbox (22.1225pt too wide) in paragraph at lines 260--262
[]\T1/pcr/m/n/10 smeargle_avaliable_echo_filter_functions()
 []


Overfull \hbox (17.95108pt too wide) in paragraph at lines 260--262
\T1/ptm/m/n/10 (\T1/ptm/m/it/10 in mod-ule IfA_Smeargle.meta.meta_programming\T
1/ptm/m/n/10 ),
 []


Overfull \hbox (40.1225pt too wide) in paragraph at lines 262--264
[]\T1/pcr/m/n/10 smeargle_avaliable_oscar_plotting_functions()
 []


Overfull \hbox (17.95108pt too wide) in paragraph at lines 262--264
\T1/ptm/m/n/10 (\T1/ptm/m/it/10 in mod-ule IfA_Smeargle.meta.meta_programming\T
1/ptm/m/n/10 ),
 []


Underfull \hbox (badness 10000) in paragraph at lines 265--267
[]\T1/pcr/m/n/10 smeargle_debug_block() \T1/ptm/m/n/10 (\T1/ptm/m/it/10 in mod-
ule
 []


Underfull \hbox (badness 10000) in paragraph at lines 267--269
[]\T1/pcr/m/n/10 smeargle_debug_message() \T1/ptm/m/n/10 (\T1/ptm/m/it/10 in mo
d-ule
 []


Underfull \hbox (badness 10000) in paragraph at lines 269--271
[]\T1/pcr/m/n/10 smeargle_deepcopy_function() \T1/ptm/m/n/10 (\T1/ptm/m/it/10 i
n mod-ule
 []


Underfull \hbox (badness 10000) in paragraph at lines 271--273
[]\T1/pcr/m/n/10 smeargle_disable_debug() \T1/ptm/m/n/10 (\T1/ptm/m/it/10 in mo
d-ule
 []


Underfull \hbox (badness 10000) in paragraph at lines 273--275
[]\T1/pcr/m/n/10 smeargle_enable_debug() \T1/ptm/m/n/10 (\T1/ptm/m/it/10 in mod
-ule
 []


Overfull \hbox (22.1225pt too wide) in paragraph at lines 278--280
[]\T1/pcr/m/n/10 smeargle_fit_histogram_gaussian_function()
 []


Overfull \hbox (24.77089pt too wide) in paragraph at lines 278--280
\T1/ptm/m/n/10 (\T1/ptm/m/it/10 in mod-ule IfA_Smeargle.meta.modeling_and_fitti
ng\T1/ptm/m/n/10 ),
 []


Underfull \hbox (badness 10000) in paragraph at lines 280--281
[]\T1/pcr/m/n/10 smeargle_info() \T1/ptm/m/n/10 (\T1/ptm/m/it/10 in mod-ule
 []

[51]
Underfull \hbox (badness 10000) in paragraph at lines 281--283
[]\T1/pcr/m/n/10 smeargle_mean() \T1/ptm/m/n/10 (\T1/ptm/m/it/10 in mod-ule
 []


Underfull \hbox (badness 10000) in paragraph at lines 283--285
[]\T1/pcr/m/n/10 smeargle_median() \T1/ptm/m/n/10 (\T1/ptm/m/it/10 in mod-ule
 []


Underfull \hbox (badness 10000) in paragraph at lines 285--287
[]\T1/pcr/m/n/10 smeargle_open_fits_file() \T1/ptm/m/n/10 (\T1/ptm/m/it/10 in m
od-ule
 []


Underfull \hbox (badness 10000) in paragraph at lines 287--289
[]\T1/pcr/m/n/10 smeargle_save_figure_file() \T1/ptm/m/n/10 (\T1/ptm/m/it/10 in
 mod-ule
 []


Underfull \hbox (badness 7291) in paragraph at lines 295--297
[]\T1/pcr/m/n/10 smeargle_silence_nonifas_warnings() \T1/ptm/m/n/10 (\T1/ptm/m/
it/10 in
 []


Underfull \hbox (badness 10000) in paragraph at lines 299--301
[]\T1/pcr/m/n/10 smeargle_std() \T1/ptm/m/n/10 (\T1/ptm/m/it/10 in mod-ule
 []


Underfull \hbox (badness 10000) in paragraph at lines 302--304
[]\T1/pcr/m/n/10 smeargle_warning() \T1/ptm/m/n/10 (\T1/ptm/m/it/10 in mod-ule
 []


Underfull \hbox (badness 10000) in paragraph at lines 304--306
[]\T1/pcr/m/n/10 smeargle_where() \T1/ptm/m/n/10 (\T1/ptm/m/it/10 in mod-ule
 []


Underfull \hbox (badness 10000) in paragraph at lines 306--308
[]\T1/pcr/m/n/10 smeargle_write_fits_file() \T1/ptm/m/n/10 (\T1/ptm/m/it/10 in 
mod-ule
 []


Underfull \hbox (badness 10000) in paragraph at lines 308--310
[]\T1/pcr/m/n/10 SmeargleConfig \T1/ptm/m/n/10 (\T1/ptm/m/it/10 class in
 []


Underfull \hbox (badness 10000) in paragraph at lines 319--321
[]\T1/pcr/m/n/10 update_pathname()
 []


Underfull \hbox (badness 10000) in paragraph at lines 319--321
\T1/ptm/m/n/10 (\T1/ptm/m/it/10 IfA_Smeargle.zulu.zulu_main.IfasDataArray
 []


Underfull \hbox (badness 10000) in paragraph at lines 324--326
[]\T1/pcr/m/n/10 voltage_pattern_renaming() \T1/ptm/m/n/10 (\T1/ptm/m/it/10 in 
mod-ule
 []


Underfull \hbox (badness 10000) in paragraph at lines 326--328
[]\T1/pcr/m/n/10 voltpat_rename_config
 []


Overfull \hbox (111.49066pt too wide) in paragraph at lines 326--328
\T1/ptm/m/n/10 (\T1/ptm/m/it/10 IfA_Smeargle.yankee.configuration_classes.Bravo
Config_file.BravoConfig
 []


Underfull \hbox (badness 10000) in paragraph at lines 331--333
[]\T1/pcr/m/n/10 write_fits_file()
 []


Underfull \hbox (badness 10000) in paragraph at lines 331--333
\T1/ptm/m/n/10 (\T1/ptm/m/it/10 IfA_Smeargle.zulu.zulu_main.IfasDataArray
 []


Overfull \hbox (153.69049pt too wide) in paragraph at lines 333--335
[]\T1/pcr/m/n/10 write_to_file() \T1/ptm/m/n/10 (\T1/ptm/m/it/10 IfA_Smeargle.y
ankee.configuration_classes.BaseConfig_file.BaseConfig
 []


Overfull \hbox (4.1225pt too wide) in paragraph at lines 338--340
[]\T1/pcr/m/n/10 yankee_configuration_factory_function()
 []


Overfull \hbox (16.61087pt too wide) in paragraph at lines 338--340
\T1/ptm/m/n/10 (\T1/ptm/m/it/10 in mod-ule IfA_Smeargle.yankee.yankee_functions
\T1/ptm/m/n/10 ),
 []


Overfull \hbox (28.1225pt too wide) in paragraph at lines 340--342
[]\T1/pcr/m/n/10 yankee_extract_proper_configuration_class()
 []


Overfull \hbox (16.61087pt too wide) in paragraph at lines 340--342
\T1/ptm/m/n/10 (\T1/ptm/m/it/10 in mod-ule IfA_Smeargle.yankee.yankee_functions
\T1/ptm/m/n/10 ),
 []


Overfull \hbox (16.1225pt too wide) in paragraph at lines 342--344
[]\T1/pcr/m/n/10 yankee_fast_forward_configuration_class()
 []


Overfull \hbox (16.61087pt too wide) in paragraph at lines 342--344
\T1/ptm/m/n/10 (\T1/ptm/m/it/10 in mod-ule IfA_Smeargle.yankee.yankee_functions
\T1/ptm/m/n/10 ),
 []


Underfull \hbox (badness 10000) in paragraph at lines 344--346
[]\T1/pcr/m/n/10 yankee_overwrite_configuration_class()
 []


Overfull \hbox (16.61087pt too wide) in paragraph at lines 344--346
\T1/ptm/m/n/10 (\T1/ptm/m/it/10 in mod-ule IfA_Smeargle.yankee.yankee_functions
\T1/ptm/m/n/10 ),
 []


Underfull \hbox (badness 10000) in paragraph at lines 346--348
[]\T1/pcr/m/n/10 yankee_read_config_file() \T1/ptm/m/n/10 (\T1/ptm/m/it/10 in m
od-ule
 []


Underfull \hbox (badness 10000) in paragraph at lines 346--348
\T1/ptm/m/it/10 IfA_Smeargle.yankee.yankee_functions\T1/ptm/m/n/10 ),
 []


Underfull \hbox (badness 10000) in paragraph at lines 348--350
[]\T1/pcr/m/n/10 yankee_write_config_file() \T1/ptm/m/n/10 (\T1/ptm/m/it/10 in 
mod-ule
 []


Underfull \hbox (badness 10000) in paragraph at lines 350--352
[]\T1/pcr/m/n/10 YankeeConfig \T1/ptm/m/n/10 (\T1/ptm/m/it/10 class in
 []


Overfull \hbox (64.25064pt too wide) in paragraph at lines 350--352
\T1/ptm/m/it/10 IfA_Smeargle.yankee.configuration_classes.YankeeConfig_file\T1/
ptm/m/n/10 ),
 []


Underfull \hbox (badness 10000) in paragraph at lines 355--357
[]\T1/pcr/m/n/10 ZuluConfig \T1/ptm/m/n/10 (\T1/ptm/m/it/10 class in
 []


Overfull \hbox (54.73064pt too wide) in paragraph at lines 355--357
\T1/ptm/m/it/10 IfA_Smeargle.yankee.configuration_classes.ZuluConfig_file\T1/pt
m/m/n/10 ),
 []

[52])
Package atveryend Info: Empty hook `BeforeClearDocument' on input line 4075.
Package atveryend Info: Empty hook `AfterLastShipout' on input line 4075.
 (./ifa-smeargle.aux)
Package atveryend Info: Executing hook `AtVeryEndDocument' on input line 4075.
Package atveryend Info: Executing hook `AtEndAfterFileList' on input line 4075.

Package rerunfilecheck Info: File `ifa-smeargle.out' has not changed.
(rerunfilecheck)             Checksum: D56C2647424749D823661312E28047C7;4597.
Package atveryend Info: Empty hook `AtVeryVeryEnd' on input line 4075.
 ) 
Here is how much of TeX's memory you used:
 14041 strings out of 494435
 218728 string characters out of 6174858
 320061 words of memory out of 5000000
 17140 multiletter control sequences out of 15000+600000
 54983 words of font info for 79 fonts, out of 8000000 for 9000
 82 hyphenation exceptions out of 8191
 37i,12n,45p,822b,667s stack positions out of 5000i,500n,10000p,200000b,80000s
{c:/texlive/2019/texmf-dist/fonts/enc/dvips/base/8r.enc}<c:/texlive/2019/texm
f-dist/fonts/type1/urw/courier/ucrb8a.pfb><c:/texlive/2019/texmf-dist/fonts/typ
e1/urw/courier/ucrr8a.pfb><c:/texlive/2019/texmf-dist/fonts/type1/urw/courier/u
crro8a.pfb><c:/texlive/2019/texmf-dist/fonts/type1/urw/helvetic/uhvb8a.pfb><c:/
texlive/2019/texmf-dist/fonts/type1/urw/helvetic/uhvbo8a.pfb><c:/texlive/2019/t
exmf-dist/fonts/type1/urw/helvetic/uhvr8a.pfb><c:/texlive/2019/texmf-dist/fonts
/type1/urw/times/utmb8a.pfb><c:/texlive/2019/texmf-dist/fonts/type1/urw/times/u
tmr8a.pfb><c:/texlive/2019/texmf-dist/fonts/type1/urw/times/utmri8a.pfb>
Output written on ifa-smeargle.pdf (56 pages, 248417 bytes).
PDF statistics:
 981 PDF objects out of 1000 (max. 8388607)
 900 compressed objects within 9 object streams
 278 named destinations out of 1000 (max. 500000)
 245 words of extra memory for PDF output out of 10000 (max. 10000000)

